2017-12-20 16:04:43,310 [http-bio-8085-exec-10] [org.springframework.web.servlet.mvc.method.annotation.RequestResponseBodyMethodProcessor]-[DEBUG] Written [org.springframework.http.converter.json.MappingJacksonValue@3b56a50e] as "application/json;charset=UTF-8" using [org.springframework.http.converter.json.MappingJackson2HttpMessageConverter@3e09fe3a]
2017-12-20 16:04:43,311 [http-bio-8085-exec-10] [org.springframework.web.servlet.DispatcherServlet]-[DEBUG] Null ModelAndView returned to DispatcherServlet with name 'taotao-sso': assuming HandlerAdapter completed request handling
2017-12-20 16:04:43,311 [http-bio-8085-exec-10] [org.springframework.web.servlet.DispatcherServlet]-[DEBUG] Successfully completed request
2017-12-20 16:05:01,291 [http-bio-8085-exec-10] [org.springframework.web.servlet.DispatcherServlet]-[DEBUG] DispatcherServlet with name 'taotao-sso' processing GET request for [/user/token/9b08f9cf-a2cc-4165-bc63-de8c628ee664]
2017-12-20 16:05:01,291 [http-bio-8085-exec-10] [org.springframework.web.servlet.mvc.method.annotation.RequestMappingHandlerMapping]-[DEBUG] Looking up handler method for path /user/token/9b08f9cf-a2cc-4165-bc63-de8c628ee664
2017-12-20 16:05:01,292 [http-bio-8085-exec-10] [org.springframework.web.servlet.mvc.method.annotation.RequestMappingHandlerMapping]-[DEBUG] Returning handler method [public java.lang.Object com.taotao.sso.controller.UserController.getUserByToken(java.lang.String,java.lang.String)]
2017-12-20 16:05:01,292 [http-bio-8085-exec-10] [org.springframework.beans.factory.support.DefaultListableBeanFactory]-[DEBUG] Returning cached instance of singleton bean 'userController'
2017-12-20 16:05:01,292 [http-bio-8085-exec-10] [org.springframework.web.servlet.DispatcherServlet]-[DEBUG] Last-Modified value for [/user/token/9b08f9cf-a2cc-4165-bc63-de8c628ee664] is: -1
2017-12-20 16:05:01,298 [http-bio-8085-exec-10] [org.springframework.web.servlet.mvc.method.annotation.ResponseBodyAdviceChain]-[DEBUG] Invoking ResponseBodyAdvice chain for body=org.springframework.http.converter.json.MappingJacksonValue@3b754495
2017-12-20 16:05:01,298 [http-bio-8085-exec-10] [org.springframework.web.servlet.mvc.method.annotation.ResponseBodyAdviceChain]-[DEBUG] After ResponseBodyAdvice chain body=org.springframework.http.converter.json.MappingJacksonValue@3b754495
2017-12-20 16:05:01,299 [http-bio-8085-exec-10] [org.springframework.web.servlet.mvc.method.annotation.RequestResponseBodyMethodProcessor]-[DEBUG] Written [org.springframework.http.converter.json.MappingJacksonValue@3b754495] as "application/json;charset=UTF-8" using [org.springframework.http.converter.json.MappingJackson2HttpMessageConverter@3e09fe3a]
2017-12-20 16:05:01,299 [http-bio-8085-exec-10] [org.springframework.web.servlet.DispatcherServlet]-[DEBUG] Null ModelAndView returned to DispatcherServlet with name 'taotao-sso': assuming HandlerAdapter completed request handling
2017-12-20 16:05:01,299 [http-bio-8085-exec-10] [org.springframework.web.servlet.DispatcherServlet]-[DEBUG] Successfully completed request
2017-12-20 16:24:21,517 [http-bio-8085-exec-5] [org.springframework.web.servlet.DispatcherServlet]-[DEBUG] DispatcherServlet with name 'taotao-sso' processing GET request for [/user/token/null]
2017-12-20 16:24:21,518 [http-bio-8085-exec-5] [org.springframework.web.servlet.mvc.method.annotation.RequestMappingHandlerMapping]-[DEBUG] Looking up handler method for path /user/token/null
2017-12-20 16:24:21,519 [http-bio-8085-exec-5] [org.springframework.web.servlet.mvc.method.annotation.RequestMappingHandlerMapping]-[DEBUG] Returning handler method [public java.lang.Object com.taotao.sso.controller.UserController.getUserByToken(java.lang.String,java.lang.String)]
2017-12-20 16:24:21,519 [http-bio-8085-exec-5] [org.springframework.beans.factory.support.DefaultListableBeanFactory]-[DEBUG] Returning cached instance of singleton bean 'userController'
2017-12-20 16:24:21,519 [http-bio-8085-exec-5] [org.springframework.web.servlet.DispatcherServlet]-[DEBUG] Last-Modified value for [/user/token/null] is: -1
2017-12-20 16:24:21,526 [http-bio-8085-exec-5] [org.springframework.web.servlet.mvc.method.annotation.ResponseBodyAdviceChain]-[DEBUG] Invoking ResponseBodyAdvice chain for body=com.taotao.common.pojo.TaotaoResult@88d439
2017-12-20 16:24:21,526 [http-bio-8085-exec-5] [org.springframework.web.servlet.mvc.method.annotation.ResponseBodyAdviceChain]-[DEBUG] After ResponseBodyAdvice chain body=com.taotao.common.pojo.TaotaoResult@88d439
2017-12-20 16:24:21,526 [http-bio-8085-exec-5] [org.springframework.web.servlet.mvc.method.annotation.RequestResponseBodyMethodProcessor]-[DEBUG] Written [com.taotao.common.pojo.TaotaoResult@88d439] as "application/json;charset=UTF-8" using [org.springframework.http.converter.json.MappingJackson2HttpMessageConverter@3e09fe3a]
2017-12-20 16:24:21,526 [http-bio-8085-exec-5] [org.springframework.web.servlet.DispatcherServlet]-[DEBUG] Null ModelAndView returned to DispatcherServlet with name 'taotao-sso': assuming HandlerAdapter completed request handling
2017-12-20 16:24:21,526 [http-bio-8085-exec-5] [org.springframework.web.servlet.DispatcherServlet]-[DEBUG] Successfully completed request
2017-12-20 16:24:21,533 [http-bio-8085-exec-2] [org.springframework.web.servlet.DispatcherServlet]-[DEBUG] DispatcherServlet with name 'taotao-sso' processing GET request for [/page/showLogin]
2017-12-20 16:24:21,533 [http-bio-8085-exec-2] [org.springframework.web.servlet.mvc.method.annotation.RequestMappingHandlerMapping]-[DEBUG] Looking up handler method for path /page/showLogin
2017-12-20 16:24:21,533 [http-bio-8085-exec-2] [org.springframework.web.servlet.mvc.method.annotation.RequestMappingHandlerMapping]-[DEBUG] Returning handler method [public java.lang.String com.taotao.sso.controller.PageController.showLogin(java.lang.String,org.springframework.ui.Model)]
2017-12-20 16:24:21,533 [http-bio-8085-exec-2] [org.springframework.beans.factory.support.DefaultListableBeanFactory]-[DEBUG] Returning cached instance of singleton bean 'pageController'
2017-12-20 16:24:21,533 [http-bio-8085-exec-2] [org.springframework.web.servlet.DispatcherServlet]-[DEBUG] Last-Modified value for [/page/showLogin] is: -1
2017-12-20 16:24:21,534 [http-bio-8085-exec-2] [org.springframework.web.servlet.DispatcherServlet]-[DEBUG] Rendering view [org.springframework.web.servlet.view.InternalResourceView: name 'login'; URL [/WEB-INF/jsp/login.jsp]] in DispatcherServlet with name 'taotao-sso'
2017-12-20 16:24:21,534 [http-bio-8085-exec-2] [org.springframework.web.servlet.view.InternalResourceView]-[DEBUG] Added model object 'redirect' of type [java.lang.String] to request in view with name 'login'
2017-12-20 16:24:21,534 [http-bio-8085-exec-2] [org.springframework.web.servlet.view.InternalResourceView]-[DEBUG] Forwarding to resource [/WEB-INF/jsp/login.jsp] in InternalResourceView 'login'
2017-12-20 16:24:21,538 [http-bio-8085-exec-2] [org.springframework.web.servlet.DispatcherServlet]-[DEBUG] Successfully completed request
2017-12-20 16:24:21,596 [http-bio-8085-exec-2] [org.springframework.web.servlet.DispatcherServlet]-[DEBUG] DispatcherServlet with name 'taotao-sso' processing GET request for [/favicon.ico]
2017-12-20 16:24:21,596 [http-bio-8085-exec-2] [org.springframework.web.servlet.mvc.method.annotation.RequestMappingHandlerMapping]-[DEBUG] Looking up handler method for path /favicon.ico
2017-12-20 16:24:21,597 [http-bio-8085-exec-2] [org.springframework.web.servlet.mvc.method.annotation.RequestMappingHandlerMapping]-[DEBUG] Did not find handler method for [/favicon.ico]
2017-12-20 16:24:21,597 [http-bio-8085-exec-2] [org.springframework.web.servlet.PageNotFound]-[WARN] No mapping found for HTTP request with URI [/favicon.ico] in DispatcherServlet with name 'taotao-sso'
2017-12-20 16:24:21,604 [http-bio-8085-exec-2] [org.springframework.web.servlet.DispatcherServlet]-[DEBUG] Successfully completed request
2017-12-20 16:24:33,285 [http-bio-8085-exec-2] [org.springframework.web.servlet.DispatcherServlet]-[DEBUG] DispatcherServlet with name 'taotao-sso' processing POST request for [/user/login]
2017-12-20 16:24:33,285 [http-bio-8085-exec-2] [org.springframework.web.servlet.mvc.method.annotation.RequestMappingHandlerMapping]-[DEBUG] Looking up handler method for path /user/login
2017-12-20 16:24:33,286 [http-bio-8085-exec-2] [org.springframework.web.servlet.mvc.method.annotation.RequestMappingHandlerMapping]-[DEBUG] Returning handler method [public com.taotao.common.pojo.TaotaoResult com.taotao.sso.controller.UserController.userLogin(java.lang.String,java.lang.String,javax.servlet.http.HttpServletRequest,javax.servlet.http.HttpServletResponse)]
2017-12-20 16:24:33,286 [http-bio-8085-exec-2] [org.springframework.beans.factory.support.DefaultListableBeanFactory]-[DEBUG] Returning cached instance of singleton bean 'userController'
2017-12-20 16:24:33,287 [http-bio-8085-exec-2] [org.mybatis.spring.SqlSessionUtils]-[DEBUG] Creating a new SqlSession
2017-12-20 16:24:33,288 [http-bio-8085-exec-2] [org.mybatis.spring.SqlSessionUtils]-[DEBUG] SqlSession [org.apache.ibatis.session.defaults.DefaultSqlSession@5baabebd] was not registered for synchronization because synchronization is not active
2017-12-20 16:24:33,290 [http-bio-8085-exec-2] [org.springframework.jdbc.datasource.DataSourceUtils]-[DEBUG] Fetching JDBC Connection from DataSource
2017-12-20 16:24:33,295 [http-bio-8085-exec-2] [org.mybatis.spring.transaction.SpringManagedTransaction]-[DEBUG] JDBC Connection [com.mysql.jdbc.JDBC4Connection@20fc3c5a] will not be managed by Spring
2017-12-20 16:24:33,295 [http-bio-8085-exec-2] [com.taotao.mapper.TbUserMapper.selectByExample]-[DEBUG] ==>  Preparing: select id, username, password, phone, email, created, updated from tb_user WHERE ( username = ? ) 
2017-12-20 16:24:33,295 [http-bio-8085-exec-2] [com.taotao.mapper.TbUserMapper.selectByExample]-[DEBUG] ==> Parameters: jerry(String)
2017-12-20 16:24:33,301 [http-bio-8085-exec-2] [com.taotao.mapper.TbUserMapper.selectByExample]-[DEBUG] <==      Total: 1
2017-12-20 16:24:33,301 [http-bio-8085-exec-2] [org.mybatis.spring.SqlSessionUtils]-[DEBUG] Closing non transactional SqlSession [org.apache.ibatis.session.defaults.DefaultSqlSession@5baabebd]
2017-12-20 16:24:33,301 [http-bio-8085-exec-2] [org.springframework.jdbc.datasource.DataSourceUtils]-[DEBUG] Returning JDBC Connection to DataSource
2017-12-20 16:24:33,307 [http-bio-8085-exec-2] [org.springframework.web.servlet.mvc.method.annotation.ResponseBodyAdviceChain]-[DEBUG] Invoking ResponseBodyAdvice chain for body=com.taotao.common.pojo.TaotaoResult@4ef41f9f
2017-12-20 16:24:33,307 [http-bio-8085-exec-2] [org.springframework.web.servlet.mvc.method.annotation.ResponseBodyAdviceChain]-[DEBUG] After ResponseBodyAdvice chain body=com.taotao.common.pojo.TaotaoResult@4ef41f9f
2017-12-20 16:24:33,307 [http-bio-8085-exec-2] [org.springframework.web.servlet.mvc.method.annotation.RequestResponseBodyMethodProcessor]-[DEBUG] Written [com.taotao.common.pojo.TaotaoResult@4ef41f9f] as "application/json;charset=UTF-8" using [org.springframework.http.converter.json.MappingJackson2HttpMessageConverter@3e09fe3a]
2017-12-20 16:24:33,307 [http-bio-8085-exec-2] [org.springframework.web.servlet.DispatcherServlet]-[DEBUG] Null ModelAndView returned to DispatcherServlet with name 'taotao-sso': assuming HandlerAdapter completed request handling
2017-12-20 16:24:33,307 [http-bio-8085-exec-2] [org.springframework.web.servlet.DispatcherServlet]-[DEBUG] Successfully completed request
2017-12-20 16:24:34,615 [http-bio-8085-exec-5] [org.springframework.web.servlet.DispatcherServlet]-[DEBUG] DispatcherServlet with name 'taotao-sso' processing GET request for [/user/token/02d75ee4-ea42-46e7-abf9-30a1de8873cd]
2017-12-20 16:24:34,615 [http-bio-8085-exec-5] [org.springframework.web.servlet.mvc.method.annotation.RequestMappingHandlerMapping]-[DEBUG] Looking up handler method for path /user/token/02d75ee4-ea42-46e7-abf9-30a1de8873cd
2017-12-20 16:24:34,615 [http-bio-8085-exec-5] [org.springframework.web.servlet.mvc.method.annotation.RequestMappingHandlerMapping]-[DEBUG] Returning handler method [public java.lang.Object com.taotao.sso.controller.UserController.getUserByToken(java.lang.String,java.lang.String)]
2017-12-20 16:24:34,615 [http-bio-8085-exec-5] [org.springframework.beans.factory.support.DefaultListableBeanFactory]-[DEBUG] Returning cached instance of singleton bean 'userController'
2017-12-20 16:24:34,616 [http-bio-8085-exec-5] [org.springframework.web.servlet.DispatcherServlet]-[DEBUG] Last-Modified value for [/user/token/02d75ee4-ea42-46e7-abf9-30a1de8873cd] is: -1
2017-12-20 16:24:34,626 [http-bio-8085-exec-5] [org.springframework.web.servlet.mvc.method.annotation.ResponseBodyAdviceChain]-[DEBUG] Invoking ResponseBodyAdvice chain for body=com.taotao.common.pojo.TaotaoResult@3142b37c
2017-12-20 16:24:34,626 [http-bio-8085-exec-5] [org.springframework.web.servlet.mvc.method.annotation.ResponseBodyAdviceChain]-[DEBUG] After ResponseBodyAdvice chain body=com.taotao.common.pojo.TaotaoResult@3142b37c
2017-12-20 16:24:34,627 [http-bio-8085-exec-5] [org.springframework.web.servlet.mvc.method.annotation.RequestResponseBodyMethodProcessor]-[DEBUG] Written [com.taotao.common.pojo.TaotaoResult@3142b37c] as "application/json;charset=UTF-8" using [org.springframework.http.converter.json.MappingJackson2HttpMessageConverter@3e09fe3a]
2017-12-20 16:24:34,627 [http-bio-8085-exec-5] [org.springframework.web.servlet.DispatcherServlet]-[DEBUG] Null ModelAndView returned to DispatcherServlet with name 'taotao-sso': assuming HandlerAdapter completed request handling
2017-12-20 16:24:34,627 [http-bio-8085-exec-5] [org.springframework.web.servlet.DispatcherServlet]-[DEBUG] Successfully completed request
2017-12-20 16:24:34,946 [http-bio-8085-exec-2] [org.springframework.web.servlet.DispatcherServlet]-[DEBUG] DispatcherServlet with name 'taotao-sso' processing GET request for [/user/token/02d75ee4-ea42-46e7-abf9-30a1de8873cd]
2017-12-20 16:24:34,947 [http-bio-8085-exec-2] [org.springframework.web.servlet.mvc.method.annotation.RequestMappingHandlerMapping]-[DEBUG] Looking up handler method for path /user/token/02d75ee4-ea42-46e7-abf9-30a1de8873cd
2017-12-20 16:24:34,947 [http-bio-8085-exec-2] [org.springframework.web.servlet.mvc.method.annotation.RequestMappingHandlerMapping]-[DEBUG] Returning handler method [public java.lang.Object com.taotao.sso.controller.UserController.getUserByToken(java.lang.String,java.lang.String)]
2017-12-20 16:24:34,947 [http-bio-8085-exec-2] [org.springframework.beans.factory.support.DefaultListableBeanFactory]-[DEBUG] Returning cached instance of singleton bean 'userController'
2017-12-20 16:24:34,947 [http-bio-8085-exec-2] [org.springframework.web.servlet.DispatcherServlet]-[DEBUG] Last-Modified value for [/user/token/02d75ee4-ea42-46e7-abf9-30a1de8873cd] is: -1
2017-12-20 16:24:34,955 [http-bio-8085-exec-2] [org.springframework.web.servlet.mvc.method.annotation.ResponseBodyAdviceChain]-[DEBUG] Invoking ResponseBodyAdvice chain for body=org.springframework.http.converter.json.MappingJacksonValue@1c688df
2017-12-20 16:24:34,956 [http-bio-8085-exec-2] [org.springframework.web.servlet.mvc.method.annotation.ResponseBodyAdviceChain]-[DEBUG] After ResponseBodyAdvice chain body=org.springframework.http.converter.json.MappingJacksonValue@1c688df
2017-12-20 16:24:34,956 [http-bio-8085-exec-2] [org.springframework.web.servlet.mvc.method.annotation.RequestResponseBodyMethodProcessor]-[DEBUG] Written [org.springframework.http.converter.json.MappingJacksonValue@1c688df] as "application/json;charset=UTF-8" using [org.springframework.http.converter.json.MappingJackson2HttpMessageConverter@3e09fe3a]
2017-12-20 16:24:34,956 [http-bio-8085-exec-2] [org.springframework.web.servlet.DispatcherServlet]-[DEBUG] Null ModelAndView returned to DispatcherServlet with name 'taotao-sso': assuming HandlerAdapter completed request handling
2017-12-20 16:24:34,956 [http-bio-8085-exec-2] [org.springframework.web.servlet.DispatcherServlet]-[DEBUG] Successfully completed request
2017-12-20 16:24:52,949 [http-bio-8085-exec-2] [org.springframework.web.servlet.DispatcherServlet]-[DEBUG] DispatcherServlet with name 'taotao-sso' processing GET request for [/user/token/02d75ee4-ea42-46e7-abf9-30a1de8873cd]
2017-12-20 16:24:52,950 [http-bio-8085-exec-2] [org.springframework.web.servlet.mvc.method.annotation.RequestMappingHandlerMapping]-[DEBUG] Looking up handler method for path /user/token/02d75ee4-ea42-46e7-abf9-30a1de8873cd
2017-12-20 16:24:52,950 [http-bio-8085-exec-2] [org.springframework.web.servlet.mvc.method.annotation.RequestMappingHandlerMapping]-[DEBUG] Returning handler method [public java.lang.Object com.taotao.sso.controller.UserController.getUserByToken(java.lang.String,java.lang.String)]
2017-12-20 16:24:52,950 [http-bio-8085-exec-2] [org.springframework.beans.factory.support.DefaultListableBeanFactory]-[DEBUG] Returning cached instance of singleton bean 'userController'
2017-12-20 16:24:52,950 [http-bio-8085-exec-2] [org.springframework.web.servlet.DispatcherServlet]-[DEBUG] Last-Modified value for [/user/token/02d75ee4-ea42-46e7-abf9-30a1de8873cd] is: -1
2017-12-20 16:24:52,962 [http-bio-8085-exec-2] [org.springframework.web.servlet.mvc.method.annotation.ResponseBodyAdviceChain]-[DEBUG] Invoking ResponseBodyAdvice chain for body=org.springframework.http.converter.json.MappingJacksonValue@371cb3df
2017-12-20 16:24:52,962 [http-bio-8085-exec-2] [org.springframework.web.servlet.mvc.method.annotation.ResponseBodyAdviceChain]-[DEBUG] After ResponseBodyAdvice chain body=org.springframework.http.converter.json.MappingJacksonValue@371cb3df
2017-12-20 16:24:52,963 [http-bio-8085-exec-2] [org.springframework.web.servlet.mvc.method.annotation.RequestResponseBodyMethodProcessor]-[DEBUG] Written [org.springframework.http.converter.json.MappingJacksonValue@371cb3df] as "application/json;charset=UTF-8" using [org.springframework.http.converter.json.MappingJackson2HttpMessageConverter@3e09fe3a]
2017-12-20 16:24:52,963 [http-bio-8085-exec-2] [org.springframework.web.servlet.DispatcherServlet]-[DEBUG] Null ModelAndView returned to DispatcherServlet with name 'taotao-sso': assuming HandlerAdapter completed request handling
2017-12-20 16:24:52,963 [http-bio-8085-exec-2] [org.springframework.web.servlet.DispatcherServlet]-[DEBUG] Successfully completed request
2017-12-20 17:10:14,351 [http-bio-8085-exec-10] [org.springframework.web.servlet.DispatcherServlet]-[DEBUG] DispatcherServlet with name 'taotao-sso' processing GET request for [/user/token/02d75ee4-ea42-46e7-abf9-30a1de8873cd]
2017-12-20 17:10:14,352 [http-bio-8085-exec-10] [org.springframework.web.servlet.mvc.method.annotation.RequestMappingHandlerMapping]-[DEBUG] Looking up handler method for path /user/token/02d75ee4-ea42-46e7-abf9-30a1de8873cd
2017-12-20 17:10:14,352 [http-bio-8085-exec-10] [org.springframework.web.servlet.mvc.method.annotation.RequestMappingHandlerMapping]-[DEBUG] Returning handler method [public java.lang.Object com.taotao.sso.controller.UserController.getUserByToken(java.lang.String,java.lang.String)]
2017-12-20 17:10:14,352 [http-bio-8085-exec-10] [org.springframework.beans.factory.support.DefaultListableBeanFactory]-[DEBUG] Returning cached instance of singleton bean 'userController'
2017-12-20 17:10:14,353 [http-bio-8085-exec-10] [org.springframework.web.servlet.DispatcherServlet]-[DEBUG] Last-Modified value for [/user/token/02d75ee4-ea42-46e7-abf9-30a1de8873cd] is: -1
2017-12-20 17:10:14,366 [http-bio-8085-exec-10] [org.springframework.web.servlet.mvc.method.annotation.ResponseBodyAdviceChain]-[DEBUG] Invoking ResponseBodyAdvice chain for body=org.springframework.http.converter.json.MappingJacksonValue@72550056
2017-12-20 17:10:14,367 [http-bio-8085-exec-10] [org.springframework.web.servlet.mvc.method.annotation.ResponseBodyAdviceChain]-[DEBUG] After ResponseBodyAdvice chain body=org.springframework.http.converter.json.MappingJacksonValue@72550056
2017-12-20 17:10:14,367 [http-bio-8085-exec-10] [org.springframework.web.servlet.mvc.method.annotation.RequestResponseBodyMethodProcessor]-[DEBUG] Written [org.springframework.http.converter.json.MappingJacksonValue@72550056] as "application/json;charset=UTF-8" using [org.springframework.http.converter.json.MappingJackson2HttpMessageConverter@3e09fe3a]
2017-12-20 17:10:14,367 [http-bio-8085-exec-10] [org.springframework.web.servlet.DispatcherServlet]-[DEBUG] Null ModelAndView returned to DispatcherServlet with name 'taotao-sso': assuming HandlerAdapter completed request handling
2017-12-20 17:10:14,367 [http-bio-8085-exec-10] [org.springframework.web.servlet.DispatcherServlet]-[DEBUG] Successfully completed request
2017-12-20 17:10:16,107 [http-bio-8085-exec-7] [org.springframework.web.servlet.DispatcherServlet]-[DEBUG] DispatcherServlet with name 'taotao-sso' processing GET request for [/user/token/02d75ee4-ea42-46e7-abf9-30a1de8873cd]
2017-12-20 17:10:16,107 [http-bio-8085-exec-7] [org.springframework.web.servlet.mvc.method.annotation.RequestMappingHandlerMapping]-[DEBUG] Looking up handler method for path /user/token/02d75ee4-ea42-46e7-abf9-30a1de8873cd
2017-12-20 17:10:16,108 [http-bio-8085-exec-7] [org.springframework.web.servlet.mvc.method.annotation.RequestMappingHandlerMapping]-[DEBUG] Returning handler method [public java.lang.Object com.taotao.sso.controller.UserController.getUserByToken(java.lang.String,java.lang.String)]
2017-12-20 17:10:16,108 [http-bio-8085-exec-7] [org.springframework.beans.factory.support.DefaultListableBeanFactory]-[DEBUG] Returning cached instance of singleton bean 'userController'
2017-12-20 17:10:16,108 [http-bio-8085-exec-7] [org.springframework.web.servlet.DispatcherServlet]-[DEBUG] Last-Modified value for [/user/token/02d75ee4-ea42-46e7-abf9-30a1de8873cd] is: -1
2017-12-20 17:10:16,113 [http-bio-8085-exec-7] [org.springframework.web.servlet.mvc.method.annotation.ResponseBodyAdviceChain]-[DEBUG] Invoking ResponseBodyAdvice chain for body=com.taotao.common.pojo.TaotaoResult@6c6e8f5
2017-12-20 17:10:16,113 [http-bio-8085-exec-7] [org.springframework.web.servlet.mvc.method.annotation.ResponseBodyAdviceChain]-[DEBUG] After ResponseBodyAdvice chain body=com.taotao.common.pojo.TaotaoResult@6c6e8f5
2017-12-20 17:10:16,114 [http-bio-8085-exec-7] [org.springframework.web.servlet.mvc.method.annotation.RequestResponseBodyMethodProcessor]-[DEBUG] Written [com.taotao.common.pojo.TaotaoResult@6c6e8f5] as "application/json;charset=UTF-8" using [org.springframework.http.converter.json.MappingJackson2HttpMessageConverter@3e09fe3a]
2017-12-20 17:10:16,114 [http-bio-8085-exec-7] [org.springframework.web.servlet.DispatcherServlet]-[DEBUG] Null ModelAndView returned to DispatcherServlet with name 'taotao-sso': assuming HandlerAdapter completed request handling
2017-12-20 17:10:16,114 [http-bio-8085-exec-7] [org.springframework.web.servlet.DispatcherServlet]-[DEBUG] Successfully completed request
2017-12-20 17:10:18,141 [http-bio-8085-exec-10] [org.springframework.web.servlet.DispatcherServlet]-[DEBUG] DispatcherServlet with name 'taotao-sso' processing GET request for [/user/token/02d75ee4-ea42-46e7-abf9-30a1de8873cd]
2017-12-20 17:10:18,141 [http-bio-8085-exec-10] [org.springframework.web.servlet.mvc.method.annotation.RequestMappingHandlerMapping]-[DEBUG] Looking up handler method for path /user/token/02d75ee4-ea42-46e7-abf9-30a1de8873cd
2017-12-20 17:10:18,141 [http-bio-8085-exec-10] [org.springframework.web.servlet.mvc.method.annotation.RequestMappingHandlerMapping]-[DEBUG] Returning handler method [public java.lang.Object com.taotao.sso.controller.UserController.getUserByToken(java.lang.String,java.lang.String)]
2017-12-20 17:10:18,141 [http-bio-8085-exec-10] [org.springframework.beans.factory.support.DefaultListableBeanFactory]-[DEBUG] Returning cached instance of singleton bean 'userController'
2017-12-20 17:10:18,141 [http-bio-8085-exec-10] [org.springframework.web.servlet.DispatcherServlet]-[DEBUG] Last-Modified value for [/user/token/02d75ee4-ea42-46e7-abf9-30a1de8873cd] is: -1
2017-12-20 17:10:18,149 [http-bio-8085-exec-10] [org.springframework.web.servlet.mvc.method.annotation.ResponseBodyAdviceChain]-[DEBUG] Invoking ResponseBodyAdvice chain for body=org.springframework.http.converter.json.MappingJacksonValue@67c2358f
2017-12-20 17:10:18,149 [http-bio-8085-exec-10] [org.springframework.web.servlet.mvc.method.annotation.ResponseBodyAdviceChain]-[DEBUG] After ResponseBodyAdvice chain body=org.springframework.http.converter.json.MappingJacksonValue@67c2358f
2017-12-20 17:10:18,150 [http-bio-8085-exec-10] [org.springframework.web.servlet.mvc.method.annotation.RequestResponseBodyMethodProcessor]-[DEBUG] Written [org.springframework.http.converter.json.MappingJacksonValue@67c2358f] as "application/json;charset=UTF-8" using [org.springframework.http.converter.json.MappingJackson2HttpMessageConverter@3e09fe3a]
2017-12-20 17:10:18,150 [http-bio-8085-exec-10] [org.springframework.web.servlet.DispatcherServlet]-[DEBUG] Null ModelAndView returned to DispatcherServlet with name 'taotao-sso': assuming HandlerAdapter completed request handling
2017-12-20 17:10:18,150 [http-bio-8085-exec-10] [org.springframework.web.servlet.DispatcherServlet]-[DEBUG] Successfully completed request
2017-12-20 17:10:25,225 [http-bio-8085-exec-4] [org.springframework.web.servlet.DispatcherServlet]-[DEBUG] DispatcherServlet with name 'taotao-sso' processing GET request for [/user/token/02d75ee4-ea42-46e7-abf9-30a1de8873cd]
2017-12-20 17:10:25,225 [http-bio-8085-exec-4] [org.springframework.web.servlet.mvc.method.annotation.RequestMappingHandlerMapping]-[DEBUG] Looking up handler method for path /user/token/02d75ee4-ea42-46e7-abf9-30a1de8873cd
2017-12-20 17:10:25,225 [http-bio-8085-exec-4] [org.springframework.web.servlet.mvc.method.annotation.RequestMappingHandlerMapping]-[DEBUG] Returning handler method [public java.lang.Object com.taotao.sso.controller.UserController.getUserByToken(java.lang.String,java.lang.String)]
2017-12-20 17:10:25,225 [http-bio-8085-exec-4] [org.springframework.beans.factory.support.DefaultListableBeanFactory]-[DEBUG] Returning cached instance of singleton bean 'userController'
2017-12-20 17:10:25,228 [http-bio-8085-exec-4] [org.springframework.web.servlet.DispatcherServlet]-[DEBUG] Last-Modified value for [/user/token/02d75ee4-ea42-46e7-abf9-30a1de8873cd] is: -1
2017-12-20 17:10:25,231 [http-bio-8085-exec-4] [org.springframework.web.servlet.mvc.method.annotation.ResponseBodyAdviceChain]-[DEBUG] Invoking ResponseBodyAdvice chain for body=com.taotao.common.pojo.TaotaoResult@19158a2a
2017-12-20 17:10:25,231 [http-bio-8085-exec-4] [org.springframework.web.servlet.mvc.method.annotation.ResponseBodyAdviceChain]-[DEBUG] After ResponseBodyAdvice chain body=com.taotao.common.pojo.TaotaoResult@19158a2a
2017-12-20 17:10:25,232 [http-bio-8085-exec-4] [org.springframework.web.servlet.mvc.method.annotation.RequestResponseBodyMethodProcessor]-[DEBUG] Written [com.taotao.common.pojo.TaotaoResult@19158a2a] as "application/json;charset=UTF-8" using [org.springframework.http.converter.json.MappingJackson2HttpMessageConverter@3e09fe3a]
2017-12-20 17:10:25,232 [http-bio-8085-exec-4] [org.springframework.web.servlet.DispatcherServlet]-[DEBUG] Null ModelAndView returned to DispatcherServlet with name 'taotao-sso': assuming HandlerAdapter completed request handling
2017-12-20 17:10:25,232 [http-bio-8085-exec-4] [org.springframework.web.servlet.DispatcherServlet]-[DEBUG] Successfully completed request
2017-12-20 17:12:37,272 [http-bio-8085-exec-7] [org.springframework.web.servlet.DispatcherServlet]-[DEBUG] DispatcherServlet with name 'taotao-sso' processing GET request for [/user/token/null]
2017-12-20 17:12:37,272 [http-bio-8085-exec-7] [org.springframework.web.servlet.mvc.method.annotation.RequestMappingHandlerMapping]-[DEBUG] Looking up handler method for path /user/token/null
2017-12-20 17:12:37,274 [http-bio-8085-exec-7] [org.springframework.web.servlet.mvc.method.annotation.RequestMappingHandlerMapping]-[DEBUG] Returning handler method [public java.lang.Object com.taotao.sso.controller.UserController.getUserByToken(java.lang.String,java.lang.String)]
2017-12-20 17:12:37,274 [http-bio-8085-exec-7] [org.springframework.beans.factory.support.DefaultListableBeanFactory]-[DEBUG] Returning cached instance of singleton bean 'userController'
2017-12-20 17:12:37,274 [http-bio-8085-exec-7] [org.springframework.web.servlet.DispatcherServlet]-[DEBUG] Last-Modified value for [/user/token/null] is: -1
2017-12-20 17:12:37,281 [http-bio-8085-exec-7] [org.springframework.web.servlet.mvc.method.annotation.ResponseBodyAdviceChain]-[DEBUG] Invoking ResponseBodyAdvice chain for body=com.taotao.common.pojo.TaotaoResult@3818531f
2017-12-20 17:12:37,281 [http-bio-8085-exec-7] [org.springframework.web.servlet.mvc.method.annotation.ResponseBodyAdviceChain]-[DEBUG] After ResponseBodyAdvice chain body=com.taotao.common.pojo.TaotaoResult@3818531f
2017-12-20 17:12:37,282 [http-bio-8085-exec-7] [org.springframework.web.servlet.mvc.method.annotation.RequestResponseBodyMethodProcessor]-[DEBUG] Written [com.taotao.common.pojo.TaotaoResult@3818531f] as "application/json;charset=UTF-8" using [org.springframework.http.converter.json.MappingJackson2HttpMessageConverter@3e09fe3a]
2017-12-20 17:12:37,282 [http-bio-8085-exec-7] [org.springframework.web.servlet.DispatcherServlet]-[DEBUG] Null ModelAndView returned to DispatcherServlet with name 'taotao-sso': assuming HandlerAdapter completed request handling
2017-12-20 17:12:37,282 [http-bio-8085-exec-7] [org.springframework.web.servlet.DispatcherServlet]-[DEBUG] Successfully completed request
2017-12-20 17:12:37,294 [http-bio-8085-exec-8] [org.springframework.web.servlet.DispatcherServlet]-[DEBUG] DispatcherServlet with name 'taotao-sso' processing GET request for [/page/showLogin]
2017-12-20 17:12:37,294 [http-bio-8085-exec-8] [org.springframework.web.servlet.mvc.method.annotation.RequestMappingHandlerMapping]-[DEBUG] Looking up handler method for path /page/showLogin
2017-12-20 17:12:37,294 [http-bio-8085-exec-8] [org.springframework.web.servlet.mvc.method.annotation.RequestMappingHandlerMapping]-[DEBUG] Returning handler method [public java.lang.String com.taotao.sso.controller.PageController.showLogin(java.lang.String,org.springframework.ui.Model)]
2017-12-20 17:12:37,294 [http-bio-8085-exec-8] [org.springframework.beans.factory.support.DefaultListableBeanFactory]-[DEBUG] Returning cached instance of singleton bean 'pageController'
2017-12-20 17:12:37,294 [http-bio-8085-exec-8] [org.springframework.web.servlet.DispatcherServlet]-[DEBUG] Last-Modified value for [/page/showLogin] is: -1
2017-12-20 17:12:37,296 [http-bio-8085-exec-8] [org.springframework.web.servlet.DispatcherServlet]-[DEBUG] Rendering view [org.springframework.web.servlet.view.InternalResourceView: name 'login'; URL [/WEB-INF/jsp/login.jsp]] in DispatcherServlet with name 'taotao-sso'
2017-12-20 17:12:37,296 [http-bio-8085-exec-8] [org.springframework.web.servlet.view.InternalResourceView]-[DEBUG] Added model object 'redirect' of type [java.lang.String] to request in view with name 'login'
2017-12-20 17:12:37,296 [http-bio-8085-exec-8] [org.springframework.web.servlet.view.InternalResourceView]-[DEBUG] Forwarding to resource [/WEB-INF/jsp/login.jsp] in InternalResourceView 'login'
2017-12-20 17:12:37,299 [http-bio-8085-exec-8] [org.springframework.web.servlet.DispatcherServlet]-[DEBUG] Successfully completed request
2017-12-20 17:12:37,371 [http-bio-8085-exec-8] [org.springframework.web.servlet.DispatcherServlet]-[DEBUG] DispatcherServlet with name 'taotao-sso' processing GET request for [/favicon.ico]
2017-12-20 17:12:37,371 [http-bio-8085-exec-8] [org.springframework.web.servlet.mvc.method.annotation.RequestMappingHandlerMapping]-[DEBUG] Looking up handler method for path /favicon.ico
2017-12-20 17:12:37,372 [http-bio-8085-exec-8] [org.springframework.web.servlet.mvc.method.annotation.RequestMappingHandlerMapping]-[DEBUG] Did not find handler method for [/favicon.ico]
2017-12-20 17:12:37,372 [http-bio-8085-exec-8] [org.springframework.web.servlet.PageNotFound]-[WARN] No mapping found for HTTP request with URI [/favicon.ico] in DispatcherServlet with name 'taotao-sso'
2017-12-20 17:12:37,372 [http-bio-8085-exec-8] [org.springframework.web.servlet.DispatcherServlet]-[DEBUG] Successfully completed request
2017-12-20 17:12:45,401 [http-bio-8085-exec-8] [org.springframework.web.servlet.DispatcherServlet]-[DEBUG] DispatcherServlet with name 'taotao-sso' processing POST request for [/user/login]
2017-12-20 17:12:45,401 [http-bio-8085-exec-8] [org.springframework.web.servlet.mvc.method.annotation.RequestMappingHandlerMapping]-[DEBUG] Looking up handler method for path /user/login
2017-12-20 17:12:45,401 [http-bio-8085-exec-8] [org.springframework.web.servlet.mvc.method.annotation.RequestMappingHandlerMapping]-[DEBUG] Returning handler method [public com.taotao.common.pojo.TaotaoResult com.taotao.sso.controller.UserController.userLogin(java.lang.String,java.lang.String,javax.servlet.http.HttpServletRequest,javax.servlet.http.HttpServletResponse)]
2017-12-20 17:12:45,401 [http-bio-8085-exec-8] [org.springframework.beans.factory.support.DefaultListableBeanFactory]-[DEBUG] Returning cached instance of singleton bean 'userController'
2017-12-20 17:12:45,402 [http-bio-8085-exec-8] [org.mybatis.spring.SqlSessionUtils]-[DEBUG] Creating a new SqlSession
2017-12-20 17:12:45,402 [http-bio-8085-exec-8] [org.mybatis.spring.SqlSessionUtils]-[DEBUG] SqlSession [org.apache.ibatis.session.defaults.DefaultSqlSession@46afbfe6] was not registered for synchronization because synchronization is not active
2017-12-20 17:12:45,403 [http-bio-8085-exec-8] [org.springframework.jdbc.datasource.DataSourceUtils]-[DEBUG] Fetching JDBC Connection from DataSource
2017-12-20 17:12:45,403 [http-bio-8085-exec-8] [org.mybatis.spring.transaction.SpringManagedTransaction]-[DEBUG] JDBC Connection [com.mysql.jdbc.JDBC4Connection@20fc3c5a] will not be managed by Spring
2017-12-20 17:12:45,403 [http-bio-8085-exec-8] [com.taotao.mapper.TbUserMapper.selectByExample]-[DEBUG] ==>  Preparing: select id, username, password, phone, email, created, updated from tb_user WHERE ( username = ? ) 
2017-12-20 17:12:45,404 [http-bio-8085-exec-8] [com.taotao.mapper.TbUserMapper.selectByExample]-[DEBUG] ==> Parameters: jerry(String)
2017-12-20 17:12:45,412 [http-bio-8085-exec-8] [com.taotao.mapper.TbUserMapper.selectByExample]-[DEBUG] <==      Total: 1
2017-12-20 17:12:45,412 [http-bio-8085-exec-8] [org.mybatis.spring.SqlSessionUtils]-[DEBUG] Closing non transactional SqlSession [org.apache.ibatis.session.defaults.DefaultSqlSession@46afbfe6]
2017-12-20 17:12:45,412 [http-bio-8085-exec-8] [org.springframework.jdbc.datasource.DataSourceUtils]-[DEBUG] Returning JDBC Connection to DataSource
2017-12-20 17:12:45,423 [http-bio-8085-exec-8] [org.springframework.web.servlet.mvc.method.annotation.ResponseBodyAdviceChain]-[DEBUG] Invoking ResponseBodyAdvice chain for body=com.taotao.common.pojo.TaotaoResult@29eeba2e
2017-12-20 17:12:45,424 [http-bio-8085-exec-8] [org.springframework.web.servlet.mvc.method.annotation.ResponseBodyAdviceChain]-[DEBUG] After ResponseBodyAdvice chain body=com.taotao.common.pojo.TaotaoResult@29eeba2e
2017-12-20 17:12:45,424 [http-bio-8085-exec-8] [org.springframework.web.servlet.mvc.method.annotation.RequestResponseBodyMethodProcessor]-[DEBUG] Written [com.taotao.common.pojo.TaotaoResult@29eeba2e] as "application/json;charset=UTF-8" using [org.springframework.http.converter.json.MappingJackson2HttpMessageConverter@3e09fe3a]
2017-12-20 17:12:45,424 [http-bio-8085-exec-8] [org.springframework.web.servlet.DispatcherServlet]-[DEBUG] Null ModelAndView returned to DispatcherServlet with name 'taotao-sso': assuming HandlerAdapter completed request handling
2017-12-20 17:12:45,424 [http-bio-8085-exec-8] [org.springframework.web.servlet.DispatcherServlet]-[DEBUG] Successfully completed request
2017-12-20 17:12:46,692 [http-bio-8085-exec-9] [org.springframework.web.servlet.DispatcherServlet]-[DEBUG] DispatcherServlet with name 'taotao-sso' processing GET request for [/user/token/ece48d08-46cf-4018-9aaa-1a0fb831be54]
2017-12-20 17:12:46,693 [http-bio-8085-exec-9] [org.springframework.web.servlet.mvc.method.annotation.RequestMappingHandlerMapping]-[DEBUG] Looking up handler method for path /user/token/ece48d08-46cf-4018-9aaa-1a0fb831be54
2017-12-20 17:12:46,693 [http-bio-8085-exec-9] [org.springframework.web.servlet.mvc.method.annotation.RequestMappingHandlerMapping]-[DEBUG] Returning handler method [public java.lang.Object com.taotao.sso.controller.UserController.getUserByToken(java.lang.String,java.lang.String)]
2017-12-20 17:12:46,693 [http-bio-8085-exec-9] [org.springframework.beans.factory.support.DefaultListableBeanFactory]-[DEBUG] Returning cached instance of singleton bean 'userController'
2017-12-20 17:12:46,693 [http-bio-8085-exec-9] [org.springframework.web.servlet.DispatcherServlet]-[DEBUG] Last-Modified value for [/user/token/ece48d08-46cf-4018-9aaa-1a0fb831be54] is: -1
2017-12-20 17:12:46,699 [http-bio-8085-exec-9] [org.springframework.web.servlet.mvc.method.annotation.ResponseBodyAdviceChain]-[DEBUG] Invoking ResponseBodyAdvice chain for body=com.taotao.common.pojo.TaotaoResult@7e845875
2017-12-20 17:12:46,699 [http-bio-8085-exec-9] [org.springframework.web.servlet.mvc.method.annotation.ResponseBodyAdviceChain]-[DEBUG] After ResponseBodyAdvice chain body=com.taotao.common.pojo.TaotaoResult@7e845875
2017-12-20 17:12:46,699 [http-bio-8085-exec-9] [org.springframework.web.servlet.mvc.method.annotation.RequestResponseBodyMethodProcessor]-[DEBUG] Written [com.taotao.common.pojo.TaotaoResult@7e845875] as "application/json;charset=UTF-8" using [org.springframework.http.converter.json.MappingJackson2HttpMessageConverter@3e09fe3a]
2017-12-20 17:12:46,699 [http-bio-8085-exec-9] [org.springframework.web.servlet.DispatcherServlet]-[DEBUG] Null ModelAndView returned to DispatcherServlet with name 'taotao-sso': assuming HandlerAdapter completed request handling
2017-12-20 17:12:46,699 [http-bio-8085-exec-9] [org.springframework.web.servlet.DispatcherServlet]-[DEBUG] Successfully completed request
2017-12-20 17:12:47,067 [http-bio-8085-exec-8] [org.springframework.web.servlet.DispatcherServlet]-[DEBUG] DispatcherServlet with name 'taotao-sso' processing GET request for [/user/token/ece48d08-46cf-4018-9aaa-1a0fb831be54]
2017-12-20 17:12:47,067 [http-bio-8085-exec-8] [org.springframework.web.servlet.mvc.method.annotation.RequestMappingHandlerMapping]-[DEBUG] Looking up handler method for path /user/token/ece48d08-46cf-4018-9aaa-1a0fb831be54
2017-12-20 17:12:47,068 [http-bio-8085-exec-8] [org.springframework.web.servlet.mvc.method.annotation.RequestMappingHandlerMapping]-[DEBUG] Returning handler method [public java.lang.Object com.taotao.sso.controller.UserController.getUserByToken(java.lang.String,java.lang.String)]
2017-12-20 17:12:47,068 [http-bio-8085-exec-8] [org.springframework.beans.factory.support.DefaultListableBeanFactory]-[DEBUG] Returning cached instance of singleton bean 'userController'
2017-12-20 17:12:47,068 [http-bio-8085-exec-8] [org.springframework.web.servlet.DispatcherServlet]-[DEBUG] Last-Modified value for [/user/token/ece48d08-46cf-4018-9aaa-1a0fb831be54] is: -1
2017-12-20 17:12:47,073 [http-bio-8085-exec-8] [org.springframework.web.servlet.mvc.method.annotation.ResponseBodyAdviceChain]-[DEBUG] Invoking ResponseBodyAdvice chain for body=org.springframework.http.converter.json.MappingJacksonValue@4e24215
2017-12-20 17:12:47,073 [http-bio-8085-exec-8] [org.springframework.web.servlet.mvc.method.annotation.ResponseBodyAdviceChain]-[DEBUG] After ResponseBodyAdvice chain body=org.springframework.http.converter.json.MappingJacksonValue@4e24215
2017-12-20 17:12:47,074 [http-bio-8085-exec-8] [org.springframework.web.servlet.mvc.method.annotation.RequestResponseBodyMethodProcessor]-[DEBUG] Written [org.springframework.http.converter.json.MappingJacksonValue@4e24215] as "application/json;charset=UTF-8" using [org.springframework.http.converter.json.MappingJackson2HttpMessageConverter@3e09fe3a]
2017-12-20 17:12:47,074 [http-bio-8085-exec-8] [org.springframework.web.servlet.DispatcherServlet]-[DEBUG] Null ModelAndView returned to DispatcherServlet with name 'taotao-sso': assuming HandlerAdapter completed request handling
2017-12-20 17:12:47,074 [http-bio-8085-exec-8] [org.springframework.web.servlet.DispatcherServlet]-[DEBUG] Successfully completed request
2017-12-20 17:12:52,669 [http-bio-8085-exec-7] [org.springframework.web.servlet.DispatcherServlet]-[DEBUG] DispatcherServlet with name 'taotao-sso' processing GET request for [/user/token/ece48d08-46cf-4018-9aaa-1a0fb831be54]
2017-12-20 17:12:52,670 [http-bio-8085-exec-7] [org.springframework.web.servlet.mvc.method.annotation.RequestMappingHandlerMapping]-[DEBUG] Looking up handler method for path /user/token/ece48d08-46cf-4018-9aaa-1a0fb831be54
2017-12-20 17:12:52,670 [http-bio-8085-exec-7] [org.springframework.web.servlet.mvc.method.annotation.RequestMappingHandlerMapping]-[DEBUG] Returning handler method [public java.lang.Object com.taotao.sso.controller.UserController.getUserByToken(java.lang.String,java.lang.String)]
2017-12-20 17:12:52,670 [http-bio-8085-exec-7] [org.springframework.beans.factory.support.DefaultListableBeanFactory]-[DEBUG] Returning cached instance of singleton bean 'userController'
2017-12-20 17:12:52,670 [http-bio-8085-exec-7] [org.springframework.web.servlet.DispatcherServlet]-[DEBUG] Last-Modified value for [/user/token/ece48d08-46cf-4018-9aaa-1a0fb831be54] is: -1
2017-12-20 17:12:52,677 [http-bio-8085-exec-7] [org.springframework.web.servlet.mvc.method.annotation.ResponseBodyAdviceChain]-[DEBUG] Invoking ResponseBodyAdvice chain for body=com.taotao.common.pojo.TaotaoResult@12dc8cf1
2017-12-20 17:12:52,677 [http-bio-8085-exec-7] [org.springframework.web.servlet.mvc.method.annotation.ResponseBodyAdviceChain]-[DEBUG] After ResponseBodyAdvice chain body=com.taotao.common.pojo.TaotaoResult@12dc8cf1
2017-12-20 17:12:52,678 [http-bio-8085-exec-7] [org.springframework.web.servlet.mvc.method.annotation.RequestResponseBodyMethodProcessor]-[DEBUG] Written [com.taotao.common.pojo.TaotaoResult@12dc8cf1] as "application/json;charset=UTF-8" using [org.springframework.http.converter.json.MappingJackson2HttpMessageConverter@3e09fe3a]
2017-12-20 17:12:52,678 [http-bio-8085-exec-7] [org.springframework.web.servlet.DispatcherServlet]-[DEBUG] Null ModelAndView returned to DispatcherServlet with name 'taotao-sso': assuming HandlerAdapter completed request handling
2017-12-20 17:12:52,678 [http-bio-8085-exec-7] [org.springframework.web.servlet.DispatcherServlet]-[DEBUG] Successfully completed request
2017-12-20 17:13:43,066 [http-bio-8085-exec-8] [org.springframework.web.servlet.DispatcherServlet]-[DEBUG] DispatcherServlet with name 'taotao-sso' processing GET request for [/user/token/ece48d08-46cf-4018-9aaa-1a0fb831be54]
2017-12-20 17:13:43,066 [http-bio-8085-exec-8] [org.springframework.web.servlet.mvc.method.annotation.RequestMappingHandlerMapping]-[DEBUG] Looking up handler method for path /user/token/ece48d08-46cf-4018-9aaa-1a0fb831be54
2017-12-20 17:13:43,067 [http-bio-8085-exec-8] [org.springframework.web.servlet.mvc.method.annotation.RequestMappingHandlerMapping]-[DEBUG] Returning handler method [public java.lang.Object com.taotao.sso.controller.UserController.getUserByToken(java.lang.String,java.lang.String)]
2017-12-20 17:13:43,067 [http-bio-8085-exec-8] [org.springframework.beans.factory.support.DefaultListableBeanFactory]-[DEBUG] Returning cached instance of singleton bean 'userController'
2017-12-20 17:13:43,067 [http-bio-8085-exec-8] [org.springframework.web.servlet.DispatcherServlet]-[DEBUG] Last-Modified value for [/user/token/ece48d08-46cf-4018-9aaa-1a0fb831be54] is: -1
2017-12-20 17:13:43,071 [http-bio-8085-exec-8] [org.springframework.web.servlet.mvc.method.annotation.ResponseBodyAdviceChain]-[DEBUG] Invoking ResponseBodyAdvice chain for body=org.springframework.http.converter.json.MappingJacksonValue@3e590894
2017-12-20 17:13:43,071 [http-bio-8085-exec-8] [org.springframework.web.servlet.mvc.method.annotation.ResponseBodyAdviceChain]-[DEBUG] After ResponseBodyAdvice chain body=org.springframework.http.converter.json.MappingJacksonValue@3e590894
2017-12-20 17:13:43,072 [http-bio-8085-exec-8] [org.springframework.web.servlet.mvc.method.annotation.RequestResponseBodyMethodProcessor]-[DEBUG] Written [org.springframework.http.converter.json.MappingJacksonValue@3e590894] as "application/json;charset=UTF-8" using [org.springframework.http.converter.json.MappingJackson2HttpMessageConverter@3e09fe3a]
2017-12-20 17:13:43,072 [http-bio-8085-exec-8] [org.springframework.web.servlet.DispatcherServlet]-[DEBUG] Null ModelAndView returned to DispatcherServlet with name 'taotao-sso': assuming HandlerAdapter completed request handling
2017-12-20 17:13:43,072 [http-bio-8085-exec-8] [org.springframework.web.servlet.DispatcherServlet]-[DEBUG] Successfully completed request
2017-12-20 17:13:45,598 [http-bio-8085-exec-5] [org.springframework.web.servlet.DispatcherServlet]-[DEBUG] DispatcherServlet with name 'taotao-sso' processing GET request for [/user/token/ece48d08-46cf-4018-9aaa-1a0fb831be54]
2017-12-20 17:13:45,598 [http-bio-8085-exec-5] [org.springframework.web.servlet.mvc.method.annotation.RequestMappingHandlerMapping]-[DEBUG] Looking up handler method for path /user/token/ece48d08-46cf-4018-9aaa-1a0fb831be54
2017-12-20 17:13:45,598 [http-bio-8085-exec-5] [org.springframework.web.servlet.mvc.method.annotation.RequestMappingHandlerMapping]-[DEBUG] Returning handler method [public java.lang.Object com.taotao.sso.controller.UserController.getUserByToken(java.lang.String,java.lang.String)]
2017-12-20 17:13:45,598 [http-bio-8085-exec-5] [org.springframework.beans.factory.support.DefaultListableBeanFactory]-[DEBUG] Returning cached instance of singleton bean 'userController'
2017-12-20 17:13:45,598 [http-bio-8085-exec-5] [org.springframework.web.servlet.DispatcherServlet]-[DEBUG] Last-Modified value for [/user/token/ece48d08-46cf-4018-9aaa-1a0fb831be54] is: -1
2017-12-20 17:13:45,603 [http-bio-8085-exec-5] [org.springframework.web.servlet.mvc.method.annotation.ResponseBodyAdviceChain]-[DEBUG] Invoking ResponseBodyAdvice chain for body=com.taotao.common.pojo.TaotaoResult@5bb68a02
2017-12-20 17:13:45,604 [http-bio-8085-exec-5] [org.springframework.web.servlet.mvc.method.annotation.ResponseBodyAdviceChain]-[DEBUG] After ResponseBodyAdvice chain body=com.taotao.common.pojo.TaotaoResult@5bb68a02
2017-12-20 17:13:45,604 [http-bio-8085-exec-5] [org.springframework.web.servlet.mvc.method.annotation.RequestResponseBodyMethodProcessor]-[DEBUG] Written [com.taotao.common.pojo.TaotaoResult@5bb68a02] as "application/json;charset=UTF-8" using [org.springframework.http.converter.json.MappingJackson2HttpMessageConverter@3e09fe3a]
2017-12-20 17:13:45,604 [http-bio-8085-exec-5] [org.springframework.web.servlet.DispatcherServlet]-[DEBUG] Null ModelAndView returned to DispatcherServlet with name 'taotao-sso': assuming HandlerAdapter completed request handling
2017-12-20 17:13:45,604 [http-bio-8085-exec-5] [org.springframework.web.servlet.DispatcherServlet]-[DEBUG] Successfully completed request
2017-12-20 17:13:45,677 [http-bio-8085-exec-8] [org.springframework.web.servlet.DispatcherServlet]-[DEBUG] DispatcherServlet with name 'taotao-sso' processing GET request for [/user/token/ece48d08-46cf-4018-9aaa-1a0fb831be54]
2017-12-20 17:13:45,677 [http-bio-8085-exec-8] [org.springframework.web.servlet.mvc.method.annotation.RequestMappingHandlerMapping]-[DEBUG] Looking up handler method for path /user/token/ece48d08-46cf-4018-9aaa-1a0fb831be54
2017-12-20 17:13:45,677 [http-bio-8085-exec-8] [org.springframework.web.servlet.mvc.method.annotation.RequestMappingHandlerMapping]-[DEBUG] Returning handler method [public java.lang.Object com.taotao.sso.controller.UserController.getUserByToken(java.lang.String,java.lang.String)]
2017-12-20 17:13:45,677 [http-bio-8085-exec-8] [org.springframework.beans.factory.support.DefaultListableBeanFactory]-[DEBUG] Returning cached instance of singleton bean 'userController'
2017-12-20 17:13:45,677 [http-bio-8085-exec-8] [org.springframework.web.servlet.DispatcherServlet]-[DEBUG] Last-Modified value for [/user/token/ece48d08-46cf-4018-9aaa-1a0fb831be54] is: -1
2017-12-20 17:13:45,685 [http-bio-8085-exec-8] [org.springframework.web.servlet.mvc.method.annotation.ResponseBodyAdviceChain]-[DEBUG] Invoking ResponseBodyAdvice chain for body=org.springframework.http.converter.json.MappingJacksonValue@623aeabb
2017-12-20 17:13:45,685 [http-bio-8085-exec-8] [org.springframework.web.servlet.mvc.method.annotation.ResponseBodyAdviceChain]-[DEBUG] After ResponseBodyAdvice chain body=org.springframework.http.converter.json.MappingJacksonValue@623aeabb
2017-12-20 17:13:45,686 [http-bio-8085-exec-8] [org.springframework.web.servlet.mvc.method.annotation.RequestResponseBodyMethodProcessor]-[DEBUG] Written [org.springframework.http.converter.json.MappingJacksonValue@623aeabb] as "application/json;charset=UTF-8" using [org.springframework.http.converter.json.MappingJackson2HttpMessageConverter@3e09fe3a]
2017-12-20 17:13:45,686 [http-bio-8085-exec-8] [org.springframework.web.servlet.DispatcherServlet]-[DEBUG] Null ModelAndView returned to DispatcherServlet with name 'taotao-sso': assuming HandlerAdapter completed request handling
2017-12-20 17:13:45,686 [http-bio-8085-exec-8] [org.springframework.web.servlet.DispatcherServlet]-[DEBUG] Successfully completed request
2017-12-20 17:13:48,211 [http-bio-8085-exec-4] [org.springframework.web.servlet.DispatcherServlet]-[DEBUG] DispatcherServlet with name 'taotao-sso' processing GET request for [/user/token/ece48d08-46cf-4018-9aaa-1a0fb831be54]
2017-12-20 17:13:48,211 [http-bio-8085-exec-4] [org.springframework.web.servlet.mvc.method.annotation.RequestMappingHandlerMapping]-[DEBUG] Looking up handler method for path /user/token/ece48d08-46cf-4018-9aaa-1a0fb831be54
2017-12-20 17:13:48,212 [http-bio-8085-exec-4] [org.springframework.web.servlet.mvc.method.annotation.RequestMappingHandlerMapping]-[DEBUG] Returning handler method [public java.lang.Object com.taotao.sso.controller.UserController.getUserByToken(java.lang.String,java.lang.String)]
2017-12-20 17:13:48,212 [http-bio-8085-exec-4] [org.springframework.beans.factory.support.DefaultListableBeanFactory]-[DEBUG] Returning cached instance of singleton bean 'userController'
2017-12-20 17:13:48,212 [http-bio-8085-exec-4] [org.springframework.web.servlet.DispatcherServlet]-[DEBUG] Last-Modified value for [/user/token/ece48d08-46cf-4018-9aaa-1a0fb831be54] is: -1
2017-12-20 17:13:48,222 [http-bio-8085-exec-4] [org.springframework.web.servlet.mvc.method.annotation.ResponseBodyAdviceChain]-[DEBUG] Invoking ResponseBodyAdvice chain for body=com.taotao.common.pojo.TaotaoResult@26b22b1d
2017-12-20 17:13:48,223 [http-bio-8085-exec-4] [org.springframework.web.servlet.mvc.method.annotation.ResponseBodyAdviceChain]-[DEBUG] After ResponseBodyAdvice chain body=com.taotao.common.pojo.TaotaoResult@26b22b1d
2017-12-20 17:13:48,223 [http-bio-8085-exec-4] [org.springframework.web.servlet.mvc.method.annotation.RequestResponseBodyMethodProcessor]-[DEBUG] Written [com.taotao.common.pojo.TaotaoResult@26b22b1d] as "application/json;charset=UTF-8" using [org.springframework.http.converter.json.MappingJackson2HttpMessageConverter@3e09fe3a]
2017-12-20 17:13:48,223 [http-bio-8085-exec-4] [org.springframework.web.servlet.DispatcherServlet]-[DEBUG] Null ModelAndView returned to DispatcherServlet with name 'taotao-sso': assuming HandlerAdapter completed request handling
2017-12-20 17:13:48,223 [http-bio-8085-exec-4] [org.springframework.web.servlet.DispatcherServlet]-[DEBUG] Successfully completed request
2017-12-20 17:17:43,627 [http-bio-8085-exec-7] [org.springframework.web.servlet.DispatcherServlet]-[DEBUG] DispatcherServlet with name 'taotao-sso' processing GET request for [/user/token/ece48d08-46cf-4018-9aaa-1a0fb831be54]
2017-12-20 17:17:43,627 [http-bio-8085-exec-7] [org.springframework.web.servlet.mvc.method.annotation.RequestMappingHandlerMapping]-[DEBUG] Looking up handler method for path /user/token/ece48d08-46cf-4018-9aaa-1a0fb831be54
2017-12-20 17:17:43,630 [http-bio-8085-exec-7] [org.springframework.web.servlet.mvc.method.annotation.RequestMappingHandlerMapping]-[DEBUG] Returning handler method [public java.lang.Object com.taotao.sso.controller.UserController.getUserByToken(java.lang.String,java.lang.String)]
2017-12-20 17:17:43,630 [http-bio-8085-exec-7] [org.springframework.beans.factory.support.DefaultListableBeanFactory]-[DEBUG] Returning cached instance of singleton bean 'userController'
2017-12-20 17:17:43,647 [http-bio-8085-exec-7] [org.springframework.web.servlet.DispatcherServlet]-[DEBUG] Last-Modified value for [/user/token/ece48d08-46cf-4018-9aaa-1a0fb831be54] is: -1
2017-12-20 17:17:43,670 [http-bio-8085-exec-7] [org.springframework.web.servlet.mvc.method.annotation.ResponseBodyAdviceChain]-[DEBUG] Invoking ResponseBodyAdvice chain for body=org.springframework.http.converter.json.MappingJacksonValue@6f86fb9a
2017-12-20 17:17:43,670 [http-bio-8085-exec-7] [org.springframework.web.servlet.mvc.method.annotation.ResponseBodyAdviceChain]-[DEBUG] After ResponseBodyAdvice chain body=org.springframework.http.converter.json.MappingJacksonValue@6f86fb9a
2017-12-20 17:17:43,673 [http-bio-8085-exec-7] [org.springframework.web.servlet.mvc.method.annotation.RequestResponseBodyMethodProcessor]-[DEBUG] Written [org.springframework.http.converter.json.MappingJacksonValue@6f86fb9a] as "application/json;charset=UTF-8" using [org.springframework.http.converter.json.MappingJackson2HttpMessageConverter@3e09fe3a]
2017-12-20 17:17:43,673 [http-bio-8085-exec-7] [org.springframework.web.servlet.DispatcherServlet]-[DEBUG] Null ModelAndView returned to DispatcherServlet with name 'taotao-sso': assuming HandlerAdapter completed request handling
2017-12-20 17:17:43,673 [http-bio-8085-exec-7] [org.springframework.web.servlet.DispatcherServlet]-[DEBUG] Successfully completed request
2017-12-20 17:17:45,683 [http-bio-8085-exec-7] [org.springframework.web.servlet.DispatcherServlet]-[DEBUG] DispatcherServlet with name 'taotao-sso' processing GET request for [/user/token/ece48d08-46cf-4018-9aaa-1a0fb831be54]
2017-12-20 17:17:45,684 [http-bio-8085-exec-7] [org.springframework.web.servlet.mvc.method.annotation.RequestMappingHandlerMapping]-[DEBUG] Looking up handler method for path /user/token/ece48d08-46cf-4018-9aaa-1a0fb831be54
2017-12-20 17:17:45,684 [http-bio-8085-exec-7] [org.springframework.web.servlet.mvc.method.annotation.RequestMappingHandlerMapping]-[DEBUG] Returning handler method [public java.lang.Object com.taotao.sso.controller.UserController.getUserByToken(java.lang.String,java.lang.String)]
2017-12-20 17:17:45,684 [http-bio-8085-exec-7] [org.springframework.beans.factory.support.DefaultListableBeanFactory]-[DEBUG] Returning cached instance of singleton bean 'userController'
2017-12-20 17:17:45,684 [http-bio-8085-exec-7] [org.springframework.web.servlet.DispatcherServlet]-[DEBUG] Last-Modified value for [/user/token/ece48d08-46cf-4018-9aaa-1a0fb831be54] is: -1
2017-12-20 17:17:45,689 [http-bio-8085-exec-7] [org.springframework.web.servlet.mvc.method.annotation.ResponseBodyAdviceChain]-[DEBUG] Invoking ResponseBodyAdvice chain for body=org.springframework.http.converter.json.MappingJacksonValue@194b599f
2017-12-20 17:17:45,689 [http-bio-8085-exec-7] [org.springframework.web.servlet.mvc.method.annotation.ResponseBodyAdviceChain]-[DEBUG] After ResponseBodyAdvice chain body=org.springframework.http.converter.json.MappingJacksonValue@194b599f
2017-12-20 17:17:45,689 [http-bio-8085-exec-7] [org.springframework.web.servlet.mvc.method.annotation.RequestResponseBodyMethodProcessor]-[DEBUG] Written [org.springframework.http.converter.json.MappingJacksonValue@194b599f] as "application/json;charset=UTF-8" using [org.springframework.http.converter.json.MappingJackson2HttpMessageConverter@3e09fe3a]
2017-12-20 17:17:45,690 [http-bio-8085-exec-7] [org.springframework.web.servlet.DispatcherServlet]-[DEBUG] Null ModelAndView returned to DispatcherServlet with name 'taotao-sso': assuming HandlerAdapter completed request handling
2017-12-20 17:17:45,690 [http-bio-8085-exec-7] [org.springframework.web.servlet.DispatcherServlet]-[DEBUG] Successfully completed request
2017-12-20 17:17:47,173 [http-bio-8085-exec-7] [org.springframework.web.servlet.DispatcherServlet]-[DEBUG] DispatcherServlet with name 'taotao-sso' processing GET request for [/user/token/ece48d08-46cf-4018-9aaa-1a0fb831be54]
2017-12-20 17:17:47,174 [http-bio-8085-exec-7] [org.springframework.web.servlet.mvc.method.annotation.RequestMappingHandlerMapping]-[DEBUG] Looking up handler method for path /user/token/ece48d08-46cf-4018-9aaa-1a0fb831be54
2017-12-20 17:17:47,174 [http-bio-8085-exec-7] [org.springframework.web.servlet.mvc.method.annotation.RequestMappingHandlerMapping]-[DEBUG] Returning handler method [public java.lang.Object com.taotao.sso.controller.UserController.getUserByToken(java.lang.String,java.lang.String)]
2017-12-20 17:17:47,174 [http-bio-8085-exec-7] [org.springframework.beans.factory.support.DefaultListableBeanFactory]-[DEBUG] Returning cached instance of singleton bean 'userController'
2017-12-20 17:17:47,174 [http-bio-8085-exec-7] [org.springframework.web.servlet.DispatcherServlet]-[DEBUG] Last-Modified value for [/user/token/ece48d08-46cf-4018-9aaa-1a0fb831be54] is: -1
2017-12-20 17:17:47,189 [http-bio-8085-exec-7] [org.springframework.web.servlet.mvc.method.annotation.ResponseBodyAdviceChain]-[DEBUG] Invoking ResponseBodyAdvice chain for body=org.springframework.http.converter.json.MappingJacksonValue@596368a9
2017-12-20 17:17:47,189 [http-bio-8085-exec-7] [org.springframework.web.servlet.mvc.method.annotation.ResponseBodyAdviceChain]-[DEBUG] After ResponseBodyAdvice chain body=org.springframework.http.converter.json.MappingJacksonValue@596368a9
2017-12-20 17:17:47,190 [http-bio-8085-exec-7] [org.springframework.web.servlet.mvc.method.annotation.RequestResponseBodyMethodProcessor]-[DEBUG] Written [org.springframework.http.converter.json.MappingJacksonValue@596368a9] as "application/json;charset=UTF-8" using [org.springframework.http.converter.json.MappingJackson2HttpMessageConverter@3e09fe3a]
2017-12-20 17:17:47,190 [http-bio-8085-exec-7] [org.springframework.web.servlet.DispatcherServlet]-[DEBUG] Null ModelAndView returned to DispatcherServlet with name 'taotao-sso': assuming HandlerAdapter completed request handling
2017-12-20 17:17:47,190 [http-bio-8085-exec-7] [org.springframework.web.servlet.DispatcherServlet]-[DEBUG] Successfully completed request
2017-12-20 17:17:49,427 [http-bio-8085-exec-9] [org.springframework.web.servlet.DispatcherServlet]-[DEBUG] DispatcherServlet with name 'taotao-sso' processing GET request for [/user/token/ece48d08-46cf-4018-9aaa-1a0fb831be54]
2017-12-20 17:17:49,428 [http-bio-8085-exec-9] [org.springframework.web.servlet.mvc.method.annotation.RequestMappingHandlerMapping]-[DEBUG] Looking up handler method for path /user/token/ece48d08-46cf-4018-9aaa-1a0fb831be54
2017-12-20 17:17:49,428 [http-bio-8085-exec-9] [org.springframework.web.servlet.mvc.method.annotation.RequestMappingHandlerMapping]-[DEBUG] Returning handler method [public java.lang.Object com.taotao.sso.controller.UserController.getUserByToken(java.lang.String,java.lang.String)]
2017-12-20 17:17:49,428 [http-bio-8085-exec-9] [org.springframework.beans.factory.support.DefaultListableBeanFactory]-[DEBUG] Returning cached instance of singleton bean 'userController'
2017-12-20 17:17:49,428 [http-bio-8085-exec-9] [org.springframework.web.servlet.DispatcherServlet]-[DEBUG] Last-Modified value for [/user/token/ece48d08-46cf-4018-9aaa-1a0fb831be54] is: -1
2017-12-20 17:17:49,435 [http-bio-8085-exec-9] [org.springframework.web.servlet.mvc.method.annotation.ResponseBodyAdviceChain]-[DEBUG] Invoking ResponseBodyAdvice chain for body=org.springframework.http.converter.json.MappingJacksonValue@230ecb4d
2017-12-20 17:17:49,435 [http-bio-8085-exec-9] [org.springframework.web.servlet.mvc.method.annotation.ResponseBodyAdviceChain]-[DEBUG] After ResponseBodyAdvice chain body=org.springframework.http.converter.json.MappingJacksonValue@230ecb4d
2017-12-20 17:17:49,435 [http-bio-8085-exec-9] [org.springframework.web.servlet.mvc.method.annotation.RequestResponseBodyMethodProcessor]-[DEBUG] Written [org.springframework.http.converter.json.MappingJacksonValue@230ecb4d] as "application/json;charset=UTF-8" using [org.springframework.http.converter.json.MappingJackson2HttpMessageConverter@3e09fe3a]
2017-12-20 17:17:49,435 [http-bio-8085-exec-9] [org.springframework.web.servlet.DispatcherServlet]-[DEBUG] Null ModelAndView returned to DispatcherServlet with name 'taotao-sso': assuming HandlerAdapter completed request handling
2017-12-20 17:17:49,435 [http-bio-8085-exec-9] [org.springframework.web.servlet.DispatcherServlet]-[DEBUG] Successfully completed request
2017-12-20 17:17:50,822 [http-bio-8085-exec-1] [org.springframework.web.servlet.DispatcherServlet]-[DEBUG] DispatcherServlet with name 'taotao-sso' processing GET request for [/user/token/ece48d08-46cf-4018-9aaa-1a0fb831be54]
2017-12-20 17:17:50,822 [http-bio-8085-exec-1] [org.springframework.web.servlet.mvc.method.annotation.RequestMappingHandlerMapping]-[DEBUG] Looking up handler method for path /user/token/ece48d08-46cf-4018-9aaa-1a0fb831be54
2017-12-20 17:17:50,822 [http-bio-8085-exec-1] [org.springframework.web.servlet.mvc.method.annotation.RequestMappingHandlerMapping]-[DEBUG] Returning handler method [public java.lang.Object com.taotao.sso.controller.UserController.getUserByToken(java.lang.String,java.lang.String)]
2017-12-20 17:17:50,822 [http-bio-8085-exec-1] [org.springframework.beans.factory.support.DefaultListableBeanFactory]-[DEBUG] Returning cached instance of singleton bean 'userController'
2017-12-20 17:17:50,822 [http-bio-8085-exec-1] [org.springframework.web.servlet.DispatcherServlet]-[DEBUG] Last-Modified value for [/user/token/ece48d08-46cf-4018-9aaa-1a0fb831be54] is: -1
2017-12-20 17:17:50,827 [http-bio-8085-exec-1] [org.springframework.web.servlet.mvc.method.annotation.ResponseBodyAdviceChain]-[DEBUG] Invoking ResponseBodyAdvice chain for body=com.taotao.common.pojo.TaotaoResult@5e6ae6d
2017-12-20 17:17:50,827 [http-bio-8085-exec-1] [org.springframework.web.servlet.mvc.method.annotation.ResponseBodyAdviceChain]-[DEBUG] After ResponseBodyAdvice chain body=com.taotao.common.pojo.TaotaoResult@5e6ae6d
2017-12-20 17:17:50,828 [http-bio-8085-exec-1] [org.springframework.web.servlet.mvc.method.annotation.RequestResponseBodyMethodProcessor]-[DEBUG] Written [com.taotao.common.pojo.TaotaoResult@5e6ae6d] as "application/json;charset=UTF-8" using [org.springframework.http.converter.json.MappingJackson2HttpMessageConverter@3e09fe3a]
2017-12-20 17:17:50,828 [http-bio-8085-exec-1] [org.springframework.web.servlet.DispatcherServlet]-[DEBUG] Null ModelAndView returned to DispatcherServlet with name 'taotao-sso': assuming HandlerAdapter completed request handling
2017-12-20 17:17:50,828 [http-bio-8085-exec-1] [org.springframework.web.servlet.DispatcherServlet]-[DEBUG] Successfully completed request
2017-12-20 17:17:51,120 [http-bio-8085-exec-9] [org.springframework.web.servlet.DispatcherServlet]-[DEBUG] DispatcherServlet with name 'taotao-sso' processing GET request for [/user/token/ece48d08-46cf-4018-9aaa-1a0fb831be54]
2017-12-20 17:17:51,120 [http-bio-8085-exec-9] [org.springframework.web.servlet.mvc.method.annotation.RequestMappingHandlerMapping]-[DEBUG] Looking up handler method for path /user/token/ece48d08-46cf-4018-9aaa-1a0fb831be54
2017-12-20 17:17:51,120 [http-bio-8085-exec-9] [org.springframework.web.servlet.mvc.method.annotation.RequestMappingHandlerMapping]-[DEBUG] Returning handler method [public java.lang.Object com.taotao.sso.controller.UserController.getUserByToken(java.lang.String,java.lang.String)]
2017-12-20 17:17:51,120 [http-bio-8085-exec-9] [org.springframework.beans.factory.support.DefaultListableBeanFactory]-[DEBUG] Returning cached instance of singleton bean 'userController'
2017-12-20 17:17:51,120 [http-bio-8085-exec-9] [org.springframework.web.servlet.DispatcherServlet]-[DEBUG] Last-Modified value for [/user/token/ece48d08-46cf-4018-9aaa-1a0fb831be54] is: -1
2017-12-20 17:17:51,139 [http-bio-8085-exec-9] [org.springframework.web.servlet.mvc.method.annotation.ResponseBodyAdviceChain]-[DEBUG] Invoking ResponseBodyAdvice chain for body=org.springframework.http.converter.json.MappingJacksonValue@76f5c76
2017-12-20 17:17:51,139 [http-bio-8085-exec-9] [org.springframework.web.servlet.mvc.method.annotation.ResponseBodyAdviceChain]-[DEBUG] After ResponseBodyAdvice chain body=org.springframework.http.converter.json.MappingJacksonValue@76f5c76
2017-12-20 17:17:51,140 [http-bio-8085-exec-9] [org.springframework.web.servlet.mvc.method.annotation.RequestResponseBodyMethodProcessor]-[DEBUG] Written [org.springframework.http.converter.json.MappingJacksonValue@76f5c76] as "application/json;charset=UTF-8" using [org.springframework.http.converter.json.MappingJackson2HttpMessageConverter@3e09fe3a]
2017-12-20 17:17:51,140 [http-bio-8085-exec-9] [org.springframework.web.servlet.DispatcherServlet]-[DEBUG] Null ModelAndView returned to DispatcherServlet with name 'taotao-sso': assuming HandlerAdapter completed request handling
2017-12-20 17:17:51,140 [http-bio-8085-exec-9] [org.springframework.web.servlet.DispatcherServlet]-[DEBUG] Successfully completed request
2017-12-20 17:17:54,157 [http-bio-8085-exec-6] [org.springframework.web.servlet.DispatcherServlet]-[DEBUG] DispatcherServlet with name 'taotao-sso' processing GET request for [/user/token/ece48d08-46cf-4018-9aaa-1a0fb831be54]
2017-12-20 17:17:54,157 [http-bio-8085-exec-6] [org.springframework.web.servlet.mvc.method.annotation.RequestMappingHandlerMapping]-[DEBUG] Looking up handler method for path /user/token/ece48d08-46cf-4018-9aaa-1a0fb831be54
2017-12-20 17:17:54,157 [http-bio-8085-exec-6] [org.springframework.web.servlet.mvc.method.annotation.RequestMappingHandlerMapping]-[DEBUG] Returning handler method [public java.lang.Object com.taotao.sso.controller.UserController.getUserByToken(java.lang.String,java.lang.String)]
2017-12-20 17:17:54,157 [http-bio-8085-exec-6] [org.springframework.beans.factory.support.DefaultListableBeanFactory]-[DEBUG] Returning cached instance of singleton bean 'userController'
2017-12-20 17:17:54,157 [http-bio-8085-exec-6] [org.springframework.web.servlet.DispatcherServlet]-[DEBUG] Last-Modified value for [/user/token/ece48d08-46cf-4018-9aaa-1a0fb831be54] is: -1
2017-12-20 17:17:54,162 [http-bio-8085-exec-6] [org.springframework.web.servlet.mvc.method.annotation.ResponseBodyAdviceChain]-[DEBUG] Invoking ResponseBodyAdvice chain for body=com.taotao.common.pojo.TaotaoResult@57cb975b
2017-12-20 17:17:54,162 [http-bio-8085-exec-6] [org.springframework.web.servlet.mvc.method.annotation.ResponseBodyAdviceChain]-[DEBUG] After ResponseBodyAdvice chain body=com.taotao.common.pojo.TaotaoResult@57cb975b
2017-12-20 17:17:54,163 [http-bio-8085-exec-6] [org.springframework.web.servlet.mvc.method.annotation.RequestResponseBodyMethodProcessor]-[DEBUG] Written [com.taotao.common.pojo.TaotaoResult@57cb975b] as "application/json;charset=UTF-8" using [org.springframework.http.converter.json.MappingJackson2HttpMessageConverter@3e09fe3a]
2017-12-20 17:17:54,163 [http-bio-8085-exec-6] [org.springframework.web.servlet.DispatcherServlet]-[DEBUG] Null ModelAndView returned to DispatcherServlet with name 'taotao-sso': assuming HandlerAdapter completed request handling
2017-12-20 17:17:54,163 [http-bio-8085-exec-6] [org.springframework.web.servlet.DispatcherServlet]-[DEBUG] Successfully completed request
2017-12-20 17:24:16,769 [http-bio-8085-exec-7] [org.springframework.web.servlet.DispatcherServlet]-[DEBUG] DispatcherServlet with name 'taotao-sso' processing GET request for [/user/token/ece48d08-46cf-4018-9aaa-1a0fb831be54]
2017-12-20 17:24:16,769 [http-bio-8085-exec-7] [org.springframework.web.servlet.mvc.method.annotation.RequestMappingHandlerMapping]-[DEBUG] Looking up handler method for path /user/token/ece48d08-46cf-4018-9aaa-1a0fb831be54
2017-12-20 17:24:16,769 [http-bio-8085-exec-7] [org.springframework.web.servlet.mvc.method.annotation.RequestMappingHandlerMapping]-[DEBUG] Returning handler method [public java.lang.Object com.taotao.sso.controller.UserController.getUserByToken(java.lang.String,java.lang.String)]
2017-12-20 17:24:16,769 [http-bio-8085-exec-7] [org.springframework.beans.factory.support.DefaultListableBeanFactory]-[DEBUG] Returning cached instance of singleton bean 'userController'
2017-12-20 17:24:16,769 [http-bio-8085-exec-7] [org.springframework.web.servlet.DispatcherServlet]-[DEBUG] Last-Modified value for [/user/token/ece48d08-46cf-4018-9aaa-1a0fb831be54] is: -1
2017-12-20 17:24:16,788 [http-bio-8085-exec-7] [org.springframework.web.servlet.mvc.method.annotation.ResponseBodyAdviceChain]-[DEBUG] Invoking ResponseBodyAdvice chain for body=org.springframework.http.converter.json.MappingJacksonValue@2916ccbf
2017-12-20 17:24:16,788 [http-bio-8085-exec-7] [org.springframework.web.servlet.mvc.method.annotation.ResponseBodyAdviceChain]-[DEBUG] After ResponseBodyAdvice chain body=org.springframework.http.converter.json.MappingJacksonValue@2916ccbf
2017-12-20 17:24:16,788 [http-bio-8085-exec-7] [org.springframework.web.servlet.mvc.method.annotation.RequestResponseBodyMethodProcessor]-[DEBUG] Written [org.springframework.http.converter.json.MappingJacksonValue@2916ccbf] as "application/json;charset=UTF-8" using [org.springframework.http.converter.json.MappingJackson2HttpMessageConverter@3e09fe3a]
2017-12-20 17:24:16,788 [http-bio-8085-exec-7] [org.springframework.web.servlet.DispatcherServlet]-[DEBUG] Null ModelAndView returned to DispatcherServlet with name 'taotao-sso': assuming HandlerAdapter completed request handling
2017-12-20 17:24:16,788 [http-bio-8085-exec-7] [org.springframework.web.servlet.DispatcherServlet]-[DEBUG] Successfully completed request
2017-12-20 17:24:37,460 [http-bio-8085-exec-3] [org.springframework.web.servlet.DispatcherServlet]-[DEBUG] DispatcherServlet with name 'taotao-sso' processing GET request for [/user/token/null]
2017-12-20 17:24:37,460 [http-bio-8085-exec-3] [org.springframework.web.servlet.mvc.method.annotation.RequestMappingHandlerMapping]-[DEBUG] Looking up handler method for path /user/token/null
2017-12-20 17:24:37,460 [http-bio-8085-exec-3] [org.springframework.web.servlet.mvc.method.annotation.RequestMappingHandlerMapping]-[DEBUG] Returning handler method [public java.lang.Object com.taotao.sso.controller.UserController.getUserByToken(java.lang.String,java.lang.String)]
2017-12-20 17:24:37,460 [http-bio-8085-exec-3] [org.springframework.beans.factory.support.DefaultListableBeanFactory]-[DEBUG] Returning cached instance of singleton bean 'userController'
2017-12-20 17:24:37,460 [http-bio-8085-exec-3] [org.springframework.web.servlet.DispatcherServlet]-[DEBUG] Last-Modified value for [/user/token/null] is: -1
2017-12-20 17:24:37,465 [http-bio-8085-exec-3] [org.springframework.web.servlet.mvc.method.annotation.ResponseBodyAdviceChain]-[DEBUG] Invoking ResponseBodyAdvice chain for body=com.taotao.common.pojo.TaotaoResult@6fe43ddd
2017-12-20 17:24:37,465 [http-bio-8085-exec-3] [org.springframework.web.servlet.mvc.method.annotation.ResponseBodyAdviceChain]-[DEBUG] After ResponseBodyAdvice chain body=com.taotao.common.pojo.TaotaoResult@6fe43ddd
2017-12-20 17:24:37,465 [http-bio-8085-exec-3] [org.springframework.web.servlet.mvc.method.annotation.RequestResponseBodyMethodProcessor]-[DEBUG] Written [com.taotao.common.pojo.TaotaoResult@6fe43ddd] as "application/json;charset=UTF-8" using [org.springframework.http.converter.json.MappingJackson2HttpMessageConverter@3e09fe3a]
2017-12-20 17:24:37,465 [http-bio-8085-exec-3] [org.springframework.web.servlet.DispatcherServlet]-[DEBUG] Null ModelAndView returned to DispatcherServlet with name 'taotao-sso': assuming HandlerAdapter completed request handling
2017-12-20 17:24:37,465 [http-bio-8085-exec-3] [org.springframework.web.servlet.DispatcherServlet]-[DEBUG] Successfully completed request
2017-12-20 17:24:37,480 [http-bio-8085-exec-5] [org.springframework.web.servlet.DispatcherServlet]-[DEBUG] DispatcherServlet with name 'taotao-sso' processing GET request for [/page/showLogin]
2017-12-20 17:24:37,480 [http-bio-8085-exec-5] [org.springframework.web.servlet.mvc.method.annotation.RequestMappingHandlerMapping]-[DEBUG] Looking up handler method for path /page/showLogin
2017-12-20 17:24:37,480 [http-bio-8085-exec-5] [org.springframework.web.servlet.mvc.method.annotation.RequestMappingHandlerMapping]-[DEBUG] Returning handler method [public java.lang.String com.taotao.sso.controller.PageController.showLogin(java.lang.String,org.springframework.ui.Model)]
2017-12-20 17:24:37,480 [http-bio-8085-exec-5] [org.springframework.beans.factory.support.DefaultListableBeanFactory]-[DEBUG] Returning cached instance of singleton bean 'pageController'
2017-12-20 17:24:37,480 [http-bio-8085-exec-5] [org.springframework.web.servlet.DispatcherServlet]-[DEBUG] Last-Modified value for [/page/showLogin] is: -1
2017-12-20 17:24:37,481 [http-bio-8085-exec-5] [org.springframework.web.servlet.DispatcherServlet]-[DEBUG] Rendering view [org.springframework.web.servlet.view.InternalResourceView: name 'login'; URL [/WEB-INF/jsp/login.jsp]] in DispatcherServlet with name 'taotao-sso'
2017-12-20 17:24:37,481 [http-bio-8085-exec-5] [org.springframework.web.servlet.view.InternalResourceView]-[DEBUG] Added model object 'redirect' of type [java.lang.String] to request in view with name 'login'
2017-12-20 17:24:37,481 [http-bio-8085-exec-5] [org.springframework.web.servlet.view.InternalResourceView]-[DEBUG] Forwarding to resource [/WEB-INF/jsp/login.jsp] in InternalResourceView 'login'
2017-12-20 17:24:37,482 [http-bio-8085-exec-5] [org.springframework.web.servlet.DispatcherServlet]-[DEBUG] Successfully completed request
2017-12-20 17:24:37,547 [http-bio-8085-exec-10] [org.springframework.web.servlet.DispatcherServlet]-[DEBUG] DispatcherServlet with name 'taotao-sso' processing GET request for [/favicon.ico]
2017-12-20 17:24:37,547 [http-bio-8085-exec-10] [org.springframework.web.servlet.mvc.method.annotation.RequestMappingHandlerMapping]-[DEBUG] Looking up handler method for path /favicon.ico
2017-12-20 17:24:37,547 [http-bio-8085-exec-10] [org.springframework.web.servlet.mvc.method.annotation.RequestMappingHandlerMapping]-[DEBUG] Did not find handler method for [/favicon.ico]
2017-12-20 17:24:37,547 [http-bio-8085-exec-10] [org.springframework.web.servlet.PageNotFound]-[WARN] No mapping found for HTTP request with URI [/favicon.ico] in DispatcherServlet with name 'taotao-sso'
2017-12-20 17:24:37,547 [http-bio-8085-exec-10] [org.springframework.web.servlet.DispatcherServlet]-[DEBUG] Successfully completed request
2017-12-20 17:24:51,956 [http-bio-8085-exec-10] [org.springframework.web.servlet.DispatcherServlet]-[DEBUG] DispatcherServlet with name 'taotao-sso' processing POST request for [/user/login]
2017-12-20 17:24:51,956 [http-bio-8085-exec-10] [org.springframework.web.servlet.mvc.method.annotation.RequestMappingHandlerMapping]-[DEBUG] Looking up handler method for path /user/login
2017-12-20 17:24:51,956 [http-bio-8085-exec-10] [org.springframework.web.servlet.mvc.method.annotation.RequestMappingHandlerMapping]-[DEBUG] Returning handler method [public com.taotao.common.pojo.TaotaoResult com.taotao.sso.controller.UserController.userLogin(java.lang.String,java.lang.String,javax.servlet.http.HttpServletRequest,javax.servlet.http.HttpServletResponse)]
2017-12-20 17:24:51,956 [http-bio-8085-exec-10] [org.springframework.beans.factory.support.DefaultListableBeanFactory]-[DEBUG] Returning cached instance of singleton bean 'userController'
2017-12-20 17:24:51,957 [http-bio-8085-exec-10] [org.mybatis.spring.SqlSessionUtils]-[DEBUG] Creating a new SqlSession
2017-12-20 17:24:51,957 [http-bio-8085-exec-10] [org.mybatis.spring.SqlSessionUtils]-[DEBUG] SqlSession [org.apache.ibatis.session.defaults.DefaultSqlSession@15873f55] was not registered for synchronization because synchronization is not active
2017-12-20 17:24:51,957 [http-bio-8085-exec-10] [org.springframework.jdbc.datasource.DataSourceUtils]-[DEBUG] Fetching JDBC Connection from DataSource
2017-12-20 17:24:51,958 [http-bio-8085-exec-10] [org.mybatis.spring.transaction.SpringManagedTransaction]-[DEBUG] JDBC Connection [com.mysql.jdbc.JDBC4Connection@20fc3c5a] will not be managed by Spring
2017-12-20 17:24:51,958 [http-bio-8085-exec-10] [com.taotao.mapper.TbUserMapper.selectByExample]-[DEBUG] ==>  Preparing: select id, username, password, phone, email, created, updated from tb_user WHERE ( username = ? ) 
2017-12-20 17:24:51,960 [http-bio-8085-exec-10] [com.taotao.mapper.TbUserMapper.selectByExample]-[DEBUG] ==> Parameters: jerry(String)
2017-12-20 17:24:51,963 [http-bio-8085-exec-10] [com.taotao.mapper.TbUserMapper.selectByExample]-[DEBUG] <==      Total: 1
2017-12-20 17:24:51,964 [http-bio-8085-exec-10] [org.mybatis.spring.SqlSessionUtils]-[DEBUG] Closing non transactional SqlSession [org.apache.ibatis.session.defaults.DefaultSqlSession@15873f55]
2017-12-20 17:24:51,964 [http-bio-8085-exec-10] [org.springframework.jdbc.datasource.DataSourceUtils]-[DEBUG] Returning JDBC Connection to DataSource
2017-12-20 17:24:51,970 [http-bio-8085-exec-10] [org.springframework.web.servlet.mvc.method.annotation.ResponseBodyAdviceChain]-[DEBUG] Invoking ResponseBodyAdvice chain for body=com.taotao.common.pojo.TaotaoResult@4d5e0360
2017-12-20 17:24:51,970 [http-bio-8085-exec-10] [org.springframework.web.servlet.mvc.method.annotation.ResponseBodyAdviceChain]-[DEBUG] After ResponseBodyAdvice chain body=com.taotao.common.pojo.TaotaoResult@4d5e0360
2017-12-20 17:24:51,972 [http-bio-8085-exec-10] [org.springframework.web.servlet.mvc.method.annotation.RequestResponseBodyMethodProcessor]-[DEBUG] Written [com.taotao.common.pojo.TaotaoResult@4d5e0360] as "application/json;charset=UTF-8" using [org.springframework.http.converter.json.MappingJackson2HttpMessageConverter@3e09fe3a]
2017-12-20 17:24:51,972 [http-bio-8085-exec-10] [org.springframework.web.servlet.DispatcherServlet]-[DEBUG] Null ModelAndView returned to DispatcherServlet with name 'taotao-sso': assuming HandlerAdapter completed request handling
2017-12-20 17:24:51,972 [http-bio-8085-exec-10] [org.springframework.web.servlet.DispatcherServlet]-[DEBUG] Successfully completed request
2017-12-20 17:24:53,866 [http-bio-8085-exec-9] [org.springframework.web.servlet.DispatcherServlet]-[DEBUG] DispatcherServlet with name 'taotao-sso' processing GET request for [/user/token/c5046d82-4511-4d81-82fc-5d1299b67cbf]
2017-12-20 17:24:53,866 [http-bio-8085-exec-9] [org.springframework.web.servlet.mvc.method.annotation.RequestMappingHandlerMapping]-[DEBUG] Looking up handler method for path /user/token/c5046d82-4511-4d81-82fc-5d1299b67cbf
2017-12-20 17:24:53,866 [http-bio-8085-exec-9] [org.springframework.web.servlet.mvc.method.annotation.RequestMappingHandlerMapping]-[DEBUG] Returning handler method [public java.lang.Object com.taotao.sso.controller.UserController.getUserByToken(java.lang.String,java.lang.String)]
2017-12-20 17:24:53,866 [http-bio-8085-exec-9] [org.springframework.beans.factory.support.DefaultListableBeanFactory]-[DEBUG] Returning cached instance of singleton bean 'userController'
2017-12-20 17:24:53,867 [http-bio-8085-exec-9] [org.springframework.web.servlet.DispatcherServlet]-[DEBUG] Last-Modified value for [/user/token/c5046d82-4511-4d81-82fc-5d1299b67cbf] is: -1
2017-12-20 17:24:53,871 [http-bio-8085-exec-9] [org.springframework.web.servlet.mvc.method.annotation.ResponseBodyAdviceChain]-[DEBUG] Invoking ResponseBodyAdvice chain for body=com.taotao.common.pojo.TaotaoResult@1990f38e
2017-12-20 17:24:53,871 [http-bio-8085-exec-9] [org.springframework.web.servlet.mvc.method.annotation.ResponseBodyAdviceChain]-[DEBUG] After ResponseBodyAdvice chain body=com.taotao.common.pojo.TaotaoResult@1990f38e
2017-12-20 17:24:53,872 [http-bio-8085-exec-9] [org.springframework.web.servlet.mvc.method.annotation.RequestResponseBodyMethodProcessor]-[DEBUG] Written [com.taotao.common.pojo.TaotaoResult@1990f38e] as "application/json;charset=UTF-8" using [org.springframework.http.converter.json.MappingJackson2HttpMessageConverter@3e09fe3a]
2017-12-20 17:24:53,872 [http-bio-8085-exec-9] [org.springframework.web.servlet.DispatcherServlet]-[DEBUG] Null ModelAndView returned to DispatcherServlet with name 'taotao-sso': assuming HandlerAdapter completed request handling
2017-12-20 17:24:53,872 [http-bio-8085-exec-9] [org.springframework.web.servlet.DispatcherServlet]-[DEBUG] Successfully completed request
2017-12-20 17:24:54,166 [http-bio-8085-exec-10] [org.springframework.web.servlet.DispatcherServlet]-[DEBUG] DispatcherServlet with name 'taotao-sso' processing GET request for [/user/token/c5046d82-4511-4d81-82fc-5d1299b67cbf]
2017-12-20 17:24:54,166 [http-bio-8085-exec-10] [org.springframework.web.servlet.mvc.method.annotation.RequestMappingHandlerMapping]-[DEBUG] Looking up handler method for path /user/token/c5046d82-4511-4d81-82fc-5d1299b67cbf
2017-12-20 17:24:54,166 [http-bio-8085-exec-10] [org.springframework.web.servlet.mvc.method.annotation.RequestMappingHandlerMapping]-[DEBUG] Returning handler method [public java.lang.Object com.taotao.sso.controller.UserController.getUserByToken(java.lang.String,java.lang.String)]
2017-12-20 17:24:54,166 [http-bio-8085-exec-10] [org.springframework.beans.factory.support.DefaultListableBeanFactory]-[DEBUG] Returning cached instance of singleton bean 'userController'
2017-12-20 17:24:54,166 [http-bio-8085-exec-10] [org.springframework.web.servlet.DispatcherServlet]-[DEBUG] Last-Modified value for [/user/token/c5046d82-4511-4d81-82fc-5d1299b67cbf] is: -1
2017-12-20 17:24:54,170 [http-bio-8085-exec-10] [org.springframework.web.servlet.mvc.method.annotation.ResponseBodyAdviceChain]-[DEBUG] Invoking ResponseBodyAdvice chain for body=org.springframework.http.converter.json.MappingJacksonValue@59f04131
2017-12-20 17:24:54,170 [http-bio-8085-exec-10] [org.springframework.web.servlet.mvc.method.annotation.ResponseBodyAdviceChain]-[DEBUG] After ResponseBodyAdvice chain body=org.springframework.http.converter.json.MappingJacksonValue@59f04131
2017-12-20 17:24:54,171 [http-bio-8085-exec-10] [org.springframework.web.servlet.mvc.method.annotation.RequestResponseBodyMethodProcessor]-[DEBUG] Written [org.springframework.http.converter.json.MappingJacksonValue@59f04131] as "application/json;charset=UTF-8" using [org.springframework.http.converter.json.MappingJackson2HttpMessageConverter@3e09fe3a]
2017-12-20 17:24:54,171 [http-bio-8085-exec-10] [org.springframework.web.servlet.DispatcherServlet]-[DEBUG] Null ModelAndView returned to DispatcherServlet with name 'taotao-sso': assuming HandlerAdapter completed request handling
2017-12-20 17:24:54,171 [http-bio-8085-exec-10] [org.springframework.web.servlet.DispatcherServlet]-[DEBUG] Successfully completed request
2017-12-20 17:24:57,775 [http-bio-8085-exec-1] [org.springframework.web.servlet.DispatcherServlet]-[DEBUG] DispatcherServlet with name 'taotao-sso' processing GET request for [/user/token/c5046d82-4511-4d81-82fc-5d1299b67cbf]
2017-12-20 17:24:57,776 [http-bio-8085-exec-1] [org.springframework.web.servlet.mvc.method.annotation.RequestMappingHandlerMapping]-[DEBUG] Looking up handler method for path /user/token/c5046d82-4511-4d81-82fc-5d1299b67cbf
2017-12-20 17:24:57,776 [http-bio-8085-exec-1] [org.springframework.web.servlet.mvc.method.annotation.RequestMappingHandlerMapping]-[DEBUG] Returning handler method [public java.lang.Object com.taotao.sso.controller.UserController.getUserByToken(java.lang.String,java.lang.String)]
2017-12-20 17:24:57,776 [http-bio-8085-exec-1] [org.springframework.beans.factory.support.DefaultListableBeanFactory]-[DEBUG] Returning cached instance of singleton bean 'userController'
2017-12-20 17:24:57,776 [http-bio-8085-exec-1] [org.springframework.web.servlet.DispatcherServlet]-[DEBUG] Last-Modified value for [/user/token/c5046d82-4511-4d81-82fc-5d1299b67cbf] is: -1
2017-12-20 17:24:57,789 [http-bio-8085-exec-1] [org.springframework.web.servlet.mvc.method.annotation.ResponseBodyAdviceChain]-[DEBUG] Invoking ResponseBodyAdvice chain for body=com.taotao.common.pojo.TaotaoResult@420de1ae
2017-12-20 17:24:57,789 [http-bio-8085-exec-1] [org.springframework.web.servlet.mvc.method.annotation.ResponseBodyAdviceChain]-[DEBUG] After ResponseBodyAdvice chain body=com.taotao.common.pojo.TaotaoResult@420de1ae
2017-12-20 17:24:57,790 [http-bio-8085-exec-1] [org.springframework.web.servlet.mvc.method.annotation.RequestResponseBodyMethodProcessor]-[DEBUG] Written [com.taotao.common.pojo.TaotaoResult@420de1ae] as "application/json;charset=UTF-8" using [org.springframework.http.converter.json.MappingJackson2HttpMessageConverter@3e09fe3a]
2017-12-20 17:24:57,790 [http-bio-8085-exec-1] [org.springframework.web.servlet.DispatcherServlet]-[DEBUG] Null ModelAndView returned to DispatcherServlet with name 'taotao-sso': assuming HandlerAdapter completed request handling
2017-12-20 17:24:57,790 [http-bio-8085-exec-1] [org.springframework.web.servlet.DispatcherServlet]-[DEBUG] Successfully completed request
2017-12-20 17:25:18,033 [http-bio-8085-exec-10] [org.springframework.web.servlet.DispatcherServlet]-[DEBUG] DispatcherServlet with name 'taotao-sso' processing GET request for [/user/token/c5046d82-4511-4d81-82fc-5d1299b67cbf]
2017-12-20 17:25:18,033 [http-bio-8085-exec-10] [org.springframework.web.servlet.mvc.method.annotation.RequestMappingHandlerMapping]-[DEBUG] Looking up handler method for path /user/token/c5046d82-4511-4d81-82fc-5d1299b67cbf
2017-12-20 17:25:18,033 [http-bio-8085-exec-10] [org.springframework.web.servlet.mvc.method.annotation.RequestMappingHandlerMapping]-[DEBUG] Returning handler method [public java.lang.Object com.taotao.sso.controller.UserController.getUserByToken(java.lang.String,java.lang.String)]
2017-12-20 17:25:18,033 [http-bio-8085-exec-10] [org.springframework.beans.factory.support.DefaultListableBeanFactory]-[DEBUG] Returning cached instance of singleton bean 'userController'
2017-12-20 17:25:18,033 [http-bio-8085-exec-10] [org.springframework.web.servlet.DispatcherServlet]-[DEBUG] Last-Modified value for [/user/token/c5046d82-4511-4d81-82fc-5d1299b67cbf] is: -1
2017-12-20 17:25:18,074 [http-bio-8085-exec-10] [org.springframework.web.servlet.mvc.method.annotation.ResponseBodyAdviceChain]-[DEBUG] Invoking ResponseBodyAdvice chain for body=org.springframework.http.converter.json.MappingJacksonValue@d9dd8af
2017-12-20 17:25:18,074 [http-bio-8085-exec-10] [org.springframework.web.servlet.mvc.method.annotation.ResponseBodyAdviceChain]-[DEBUG] After ResponseBodyAdvice chain body=org.springframework.http.converter.json.MappingJacksonValue@d9dd8af
2017-12-20 17:25:18,074 [http-bio-8085-exec-10] [org.springframework.web.servlet.mvc.method.annotation.RequestResponseBodyMethodProcessor]-[DEBUG] Written [org.springframework.http.converter.json.MappingJacksonValue@d9dd8af] as "application/json;charset=UTF-8" using [org.springframework.http.converter.json.MappingJackson2HttpMessageConverter@3e09fe3a]
2017-12-20 17:25:18,074 [http-bio-8085-exec-10] [org.springframework.web.servlet.DispatcherServlet]-[DEBUG] Null ModelAndView returned to DispatcherServlet with name 'taotao-sso': assuming HandlerAdapter completed request handling
2017-12-20 17:25:18,075 [http-bio-8085-exec-10] [org.springframework.web.servlet.DispatcherServlet]-[DEBUG] Successfully completed request
